#
# There is insufficient memory for the Java Runtime Environment to continue.
# Native memory allocation (malloc) failed to allocate 978256 bytes for Chunk::new
# Possible reasons:
#   The system is out of physical RAM or swap space
#   The process is running with CompressedOops enabled, and the Java Heap may be blocking the growth of the native heap
# Possible solutions:
#   Reduce memory load on the system
#   Increase physical memory or swap space
#   Check if swap backing store is full
#   Decrease Java heap size (-Xmx/-Xms)
#   Decrease number of Java threads
#   Decrease Java thread stack sizes (-Xss)
#   Set larger code cache with -XX:ReservedCodeCacheSize=
#   JVM is running with Zero Based Compressed Oops mode in which the Java heap is
#     placed in the first 32GB address space. The Java Heap base address is the
#     maximum limit for the native heap growth. Please use -XX:HeapBaseMinAddress
#     to set the Java Heap base and to place the Java Heap above 32GB virtual address.
# This output file may be truncated or incomplete.
#
#  Out of Memory Error (arena.cpp:197), pid=21584, tid=24084
#
# JRE version: OpenJDK Runtime Environment Microsoft-8035250 (11.0.20+8) (build 11.0.20+8-LTS)
# Java VM: OpenJDK 64-Bit Server VM Microsoft-8035250 (11.0.20+8-LTS, mixed mode, tiered, compressed oops, g1 gc, windows-amd64)
# No core dump will be written. Minidumps are not enabled by default on client versions of Windows
#

---------------  S U M M A R Y ------------

Command Line: --add-opens=java.base/java.util=ALL-UNNAMED --add-opens=java.base/java.lang=ALL-UNNAMED --add-opens=java.base/java.lang.invoke=ALL-UNNAMED --add-opens=java.base/java.util=ALL-UNNAMED --add-opens=java.prefs/java.util.prefs=ALL-UNNAMED --add-opens=java.prefs/java.util.prefs=ALL-UNNAMED --add-opens=java.base/java.nio.charset=ALL-UNNAMED --add-opens=java.base/java.net=ALL-UNNAMED --add-opens=java.base/java.util.concurrent.atomic=ALL-UNNAMED -Xmx4608m -Dfile.encoding=windows-1252 -Duser.country=IN -Duser.language=en -Duser.variant org.gradle.launcher.daemon.bootstrap.GradleDaemon 7.2

Host: Intel(R) Core(TM) i5-8350U CPU @ 1.70GHz, 8 cores, 15G,  Windows 11 , 64 bit Build 22621 (10.0.22621.2070)
Time: Fri Jan  5 16:14:38 2024 India Standard Time elapsed time: 42.121975 seconds (0d 0h 0m 42s)

---------------  T H R E A D  ---------------

Current thread (0x00000261eea48000):  JavaThread "C2 CompilerThread0" daemon [_thread_in_native, id=24084, stack(0x000000a678200000,0x000000a678300000)]


Current CompileTask:
C2:  42122 7299       4       org.gradle.internal.reflect.MethodSet::add (50 bytes)

Stack: [0x000000a678200000,0x000000a678300000]
Native frames: (J=compiled Java code, j=interpreted, Vv=VM code, C=native code)
V  [jvm.dll+0x62e9da]
V  [jvm.dll+0x7bc4e9]
V  [jvm.dll+0x7bdbd8]
V  [jvm.dll+0x7be2b3]
V  [jvm.dll+0x2505a8]
V  [jvm.dll+0xc263c]
V  [jvm.dll+0xc2bfc]
V  [jvm.dll+0x35fdc7]
V  [jvm.dll+0x32bf13]
V  [jvm.dll+0x32b24a]
V  [jvm.dll+0x2097e3]
V  [jvm.dll+0x20893d]
V  [jvm.dll+0x18a7de]
V  [jvm.dll+0x2181ec]
V  [jvm.dll+0x21642b]
V  [jvm.dll+0x77efc0]
V  [jvm.dll+0x777db4]
V  [jvm.dll+0x62d845]
C  [ucrtbase.dll+0x29363]
C  [KERNEL32.DLL+0x126ad]
C  [ntdll.dll+0x5aa68]


---------------  P R O C E S S  ---------------

Threads class SMR info:
_java_thread_list=0x00000261f7641d50, length=124, elements={
0x00000261c8fdd800, 0x00000261ee13d000, 0x00000261ee13d800, 0x00000261eea43800,
0x00000261eea44800, 0x00000261eea45800, 0x00000261eea48000, 0x00000261eea4c800,
0x00000261eea51800, 0x00000261eebb9800, 0x00000261f02e2000, 0x00000261f10ef000,
0x00000261efc98000, 0x00000261ef808000, 0x00000261f0012800, 0x00000261f0609800,
0x00000261f0c01800, 0x00000261f1ac7800, 0x00000261f17ac000, 0x00000261f1f04800,
0x00000261f03ee800, 0x00000261f03ec000, 0x00000261f03ef800, 0x00000261f03eb800,
0x00000261f03f0800, 0x00000261f03ed000, 0x00000261f03ea800, 0x00000261f03f1000,
0x00000261f03ee000, 0x00000261f20b3000, 0x00000261f20af800, 0x00000261f20b0800,
0x00000261f20b4000, 0x00000261f20b1800, 0x00000261f20af000, 0x00000261f20b9800,
0x00000261f20ba800, 0x00000261f20b5800, 0x00000261f20b8800, 0x00000261f20bb000,
0x00000261f20bc000, 0x00000261f20b6000, 0x00000261f20bd000, 0x00000261f20b7000,
0x00000261f20b8000, 0x00000261f1e50800, 0x00000261f1e4e000, 0x00000261f1e4e800,
0x00000261f1e4f800, 0x00000261f1e51000, 0x00000261f1e52000, 0x00000261f1e52800,
0x00000261f1e4d000, 0x00000261f1e58800, 0x00000261f1e57800, 0x00000261f1e55000,
0x00000261f1e56000, 0x00000261f1e59800, 0x00000261f1e54800, 0x00000261f1e57000,
0x00000261f1e53800, 0x00000261f1e5a000, 0x00000261f1e5b000, 0x00000261f1e5b800,
0x00000261f5c73000, 0x00000261f5c74800, 0x00000261f5c78800, 0x00000261f5c78000,
0x00000261f5c79800, 0x00000261f5c73800, 0x00000261f5c7a800, 0x00000261f5c75800,
0x00000261f5c7b000, 0x00000261f5c7c000, 0x00000261f5c76000, 0x00000261f5c7c800,
0x00000261f5c77000, 0x00000261f5c7f000, 0x00000261f5c81800, 0x00000261f5c80000,
0x00000261f5c7d800, 0x00000261f5c7e800, 0x00000261f5c81000, 0x00000261f1e24000,
0x00000261f1e23800, 0x00000261f1e1e800, 0x00000261f1e25000, 0x00000261f1e21800,
0x00000261f1e1f800, 0x00000261f1e22800, 0x00000261f1e26000, 0x00000261f1e20000,
0x00000261f1e26800, 0x00000261f1e21000, 0x00000261f1e2a000, 0x00000261f1e29000,
0x00000261f1e2a800, 0x00000261f1e2b800, 0x00000261f1e28800, 0x00000261f1e2c800,
0x00000261f1e2d000, 0x00000261f1e27800, 0x00000261ef022000, 0x00000261ef021000,
0x00000261ef022800, 0x00000261ef023800, 0x00000261ef020000, 0x00000261ef01d800,
0x00000261ef024000, 0x00000261ef01f800, 0x00000261ef01e800, 0x00000261ef029000,
0x00000261ef02a000, 0x00000261ef027800, 0x00000261ef026000, 0x00000261ef026800,
0x00000261ef02b000, 0x00000261ef025000, 0x00000261ef02b800, 0x00000261ef02c800,
0x00000261ef028800, 0x00000261f25ea000, 0x00000261f60a2800, 0x00000261f0ccf000
}

Java Threads: ( => current thread )
  0x00000261c8fdd800 JavaThread "main" [_thread_blocked, id=22744, stack(0x000000a677600000,0x000000a677700000)]
  0x00000261ee13d000 JavaThread "Reference Handler" daemon [_thread_blocked, id=5040, stack(0x000000a677d00000,0x000000a677e00000)]
  0x00000261ee13d800 JavaThread "Finalizer" daemon [_thread_blocked, id=23024, stack(0x000000a677e00000,0x000000a677f00000)]
  0x00000261eea43800 JavaThread "Signal Dispatcher" daemon [_thread_blocked, id=21908, stack(0x000000a677f00000,0x000000a678000000)]
  0x00000261eea44800 JavaThread "Attach Listener" daemon [_thread_blocked, id=21740, stack(0x000000a678000000,0x000000a678100000)]
  0x00000261eea45800 JavaThread "Service Thread" daemon [_thread_blocked, id=22216, stack(0x000000a678100000,0x000000a678200000)]
=>0x00000261eea48000 JavaThread "C2 CompilerThread0" daemon [_thread_in_native, id=24084, stack(0x000000a678200000,0x000000a678300000)]
  0x00000261eea4c800 JavaThread "C1 CompilerThread0" daemon [_thread_blocked, id=15080, stack(0x000000a678300000,0x000000a678400000)]
  0x00000261eea51800 JavaThread "Sweeper thread" daemon [_thread_blocked, id=2948, stack(0x000000a678400000,0x000000a678500000)]
  0x00000261eebb9800 JavaThread "Common-Cleaner" daemon [_thread_blocked, id=23384, stack(0x000000a678500000,0x000000a678600000)]
  0x00000261f02e2000 JavaThread "Daemon health stats" [_thread_blocked, id=15552, stack(0x000000a678e00000,0x000000a678f00000)]
  0x00000261f10ef000 JavaThread "Incoming local TCP Connector on port 52579" [_thread_in_native, id=10056, stack(0x000000a678700000,0x000000a678800000)]
  0x00000261efc98000 JavaThread "Daemon periodic checks" [_thread_blocked, id=5464, stack(0x000000a678800000,0x000000a678900000)]
  0x00000261ef808000 JavaThread "Daemon" [_thread_blocked, id=23472, stack(0x000000a678f00000,0x000000a679000000)]
  0x00000261f0012800 JavaThread "Handler for socket connection from /127.0.0.1:52579 to /127.0.0.1:52580" [_thread_in_native, id=13972, stack(0x000000a679000000,0x000000a679100000)]
  0x00000261f0609800 JavaThread "Cancel handler" [_thread_blocked, id=10520, stack(0x000000a679100000,0x000000a679200000)]
  0x00000261f0c01800 JavaThread "Daemon worker" [_thread_in_vm, id=13748, stack(0x000000a679200000,0x000000a679300000)]
  0x00000261f1ac7800 JavaThread "Asynchronous log dispatcher for DefaultDaemonConnection: socket connection from /127.0.0.1:52579 to /127.0.0.1:52580" [_thread_blocked, id=23220, stack(0x000000a679400000,0x000000a679500000)]
  0x00000261f17ac000 JavaThread "Stdin handler" [_thread_blocked, id=22912, stack(0x000000a679500000,0x000000a679600000)]
  0x00000261f1f04800 JavaThread "Daemon client event forwarder" [_thread_blocked, id=17332, stack(0x000000a679600000,0x000000a679700000)]
  0x00000261f03ee800 JavaThread "Cache worker for journal cache (C:\Users\Lenovo\.gradle\caches\journal-1)" [_thread_blocked, id=12704, stack(0x000000a679700000,0x000000a679800000)]
  0x00000261f03ec000 JavaThread "File lock request listener" [_thread_in_native, id=24408, stack(0x000000a679800000,0x000000a679900000)]
  0x00000261f03ef800 JavaThread "Cache worker for file hash cache (C:\Users\Lenovo\.gradle\caches\7.2\fileHashes)" [_thread_blocked, id=4112, stack(0x000000a679900000,0x000000a679a00000)]
  0x00000261f03eb800 JavaThread "Cache worker for file hash cache (D:\ReactNative\sortapp\android\.gradle\7.2\fileHashes)" [_thread_blocked, id=16428, stack(0x000000a679d00000,0x000000a679e00000)]
  0x00000261f03f0800 JavaThread "File watcher server" daemon [_thread_in_native, id=14344, stack(0x000000a679e00000,0x000000a679f00000)]
  0x00000261f03ed000 JavaThread "File watcher consumer" daemon [_thread_blocked, id=22756, stack(0x000000a679f00000,0x000000a67a000000)]
  0x00000261f03ea800 JavaThread "Cache worker for checksums cache (D:\ReactNative\sortapp\android\.gradle\checksums)" [_thread_blocked, id=21856, stack(0x000000a67a000000,0x000000a67a100000)]
  0x00000261f03f1000 JavaThread "Cache worker for cache directory md-supplier (C:\Users\Lenovo\.gradle\caches\7.2\md-supplier)" [_thread_blocked, id=20960, stack(0x000000a67a100000,0x000000a67a200000)]
  0x00000261f03ee000 JavaThread "Cache worker for cache directory md-rule (C:\Users\Lenovo\.gradle\caches\7.2\md-rule)" [_thread_blocked, id=22100, stack(0x000000a67a200000,0x000000a67a300000)]
  0x00000261f20b3000 JavaThread "Cache worker for execution history cache (C:\Users\Lenovo\.gradle\caches\7.2\executionHistory)" [_thread_blocked, id=17576, stack(0x000000a67a300000,0x000000a67a400000)]
  0x00000261f20af800 JavaThread "jar transforms" [_thread_blocked, id=4416, stack(0x000000a67a500000,0x000000a67a600000)]
  0x00000261f20b0800 JavaThread "jar transforms Thread 2" [_thread_blocked, id=19508, stack(0x000000a67a600000,0x000000a67a700000)]
  0x00000261f20b4000 JavaThread "Cache worker for file content cache (C:\Users\Lenovo\.gradle\caches\7.2\fileContent)" [_thread_blocked, id=17632, stack(0x000000a67a700000,0x000000a67a800000)]
  0x00000261f20b1800 JavaThread "jar transforms Thread 3" [_thread_blocked, id=11388, stack(0x000000a67a800000,0x000000a67a900000)]
  0x00000261f20af000 JavaThread "jar transforms Thread 4" [_thread_blocked, id=15544, stack(0x000000a67a900000,0x000000a67aa00000)]
  0x00000261f20b9800 JavaThread "Cache worker for dependencies-accessors (D:\ReactNative\sortapp\android\.gradle\7.2\dependencies-accessors)" [_thread_blocked, id=18788, stack(0x000000a67a400000,0x000000a67a500000)]
  0x00000261f20ba800 JavaThread "jar transforms Thread 5" [_thread_blocked, id=5192, stack(0x000000a67ab00000,0x000000a67ac00000)]
  0x00000261f20b5800 JavaThread "Cache worker for Build Output Cleanup Cache (D:\ReactNative\sortapp\android\.gradle\buildOutputCleanup)" [_thread_blocked, id=22036, stack(0x000000a67ac00000,0x000000a67ad00000)]
  0x00000261f20b8800 JavaThread "Unconstrained build operations" [_thread_blocked, id=5208, stack(0x000000a67ad00000,0x000000a67ae00000)]
  0x00000261f20bb000 JavaThread "Unconstrained build operations Thread 2" [_thread_blocked, id=23172, stack(0x000000a67ae00000,0x000000a67af00000)]
  0x00000261f20bc000 JavaThread "Unconstrained build operations Thread 3" [_thread_blocked, id=7644, stack(0x000000a67af00000,0x000000a67b000000)]
  0x00000261f20b6000 JavaThread "Unconstrained build operations Thread 4" [_thread_blocked, id=18616, stack(0x000000a67b000000,0x000000a67b100000)]
  0x00000261f20bd000 JavaThread "Unconstrained build operations Thread 5" [_thread_blocked, id=9488, stack(0x000000a67b100000,0x000000a67b200000)]
  0x00000261f20b7000 JavaThread "Unconstrained build operations Thread 6" [_thread_blocked, id=21576, stack(0x000000a67b200000,0x000000a67b300000)]
  0x00000261f20b8000 JavaThread "Unconstrained build operations Thread 7" [_thread_blocked, id=16292, stack(0x000000a67b300000,0x000000a67b400000)]
  0x00000261f1e50800 JavaThread "Unconstrained build operations Thread 8" [_thread_blocked, id=13628, stack(0x000000a67b400000,0x000000a67b500000)]
  0x00000261f1e4e000 JavaThread "Unconstrained build operations Thread 9" [_thread_blocked, id=24364, stack(0x000000a67b500000,0x000000a67b600000)]
  0x00000261f1e4e800 JavaThread "Unconstrained build operations Thread 10" [_thread_blocked, id=22096, stack(0x000000a67b600000,0x000000a67b700000)]
  0x00000261f1e4f800 JavaThread "Unconstrained build operations Thread 11" [_thread_blocked, id=14792, stack(0x000000a67b700000,0x000000a67b800000)]
  0x00000261f1e51000 JavaThread "Unconstrained build operations Thread 12" [_thread_blocked, id=17100, stack(0x000000a67b800000,0x000000a67b900000)]
  0x00000261f1e52000 JavaThread "Unconstrained build operations Thread 13" [_thread_blocked, id=5676, stack(0x000000a67b900000,0x000000a67ba00000)]
  0x00000261f1e52800 JavaThread "Unconstrained build operations Thread 14" [_thread_blocked, id=4072, stack(0x000000a67ba00000,0x000000a67bb00000)]
  0x00000261f1e4d000 JavaThread "Unconstrained build operations Thread 15" [_thread_blocked, id=24048, stack(0x000000a67bb00000,0x000000a67bc00000)]
  0x00000261f1e58800 JavaThread "Unconstrained build operations Thread 16" [_thread_blocked, id=9480, stack(0x000000a67bc00000,0x000000a67bd00000)]
  0x00000261f1e57800 JavaThread "Unconstrained build operations Thread 17" [_thread_blocked, id=16144, stack(0x000000a67bd00000,0x000000a67be00000)]
  0x00000261f1e55000 JavaThread "Unconstrained build operations Thread 18" [_thread_blocked, id=21532, stack(0x000000a67be00000,0x000000a67bf00000)]
  0x00000261f1e56000 JavaThread "Unconstrained build operations Thread 19" [_thread_blocked, id=21620, stack(0x000000a67bf00000,0x000000a67c000000)]
  0x00000261f1e59800 JavaThread "Unconstrained build operations Thread 20" [_thread_blocked, id=832, stack(0x000000a67c000000,0x000000a67c100000)]
  0x00000261f1e54800 JavaThread "Unconstrained build operations Thread 21" [_thread_blocked, id=992, stack(0x000000a67c100000,0x000000a67c200000)]
  0x00000261f1e57000 JavaThread "Unconstrained build operations Thread 22" [_thread_blocked, id=24432, stack(0x000000a67c200000,0x000000a67c300000)]
  0x00000261f1e53800 JavaThread "Unconstrained build operations Thread 23" [_thread_blocked, id=16596, stack(0x000000a67c300000,0x000000a67c400000)]
  0x00000261f1e5a000 JavaThread "Unconstrained build operations Thread 24" [_thread_blocked, id=16332, stack(0x000000a67c400000,0x000000a67c500000)]
  0x00000261f1e5b000 JavaThread "Unconstrained build operations Thread 25" [_thread_blocked, id=8828, stack(0x000000a67c500000,0x000000a67c600000)]
  0x00000261f1e5b800 JavaThread "Unconstrained build operations Thread 26" [_thread_blocked, id=24092, stack(0x000000a67c600000,0x000000a67c700000)]
  0x00000261f5c73000 JavaThread "Unconstrained build operations Thread 27" [_thread_blocked, id=20812, stack(0x000000a67c700000,0x000000a67c800000)]
  0x00000261f5c74800 JavaThread "Unconstrained build operations Thread 28" [_thread_blocked, id=11120, stack(0x000000a67c800000,0x000000a67c900000)]
  0x00000261f5c78800 JavaThread "Unconstrained build operations Thread 29" [_thread_blocked, id=4496, stack(0x000000a67c900000,0x000000a67ca00000)]
  0x00000261f5c78000 JavaThread "Unconstrained build operations Thread 30" [_thread_blocked, id=6016, stack(0x000000a67ca00000,0x000000a67cb00000)]
  0x00000261f5c79800 JavaThread "Unconstrained build operations Thread 31" [_thread_blocked, id=20780, stack(0x000000a67cb00000,0x000000a67cc00000)]
  0x00000261f5c73800 JavaThread "Unconstrained build operations Thread 32" [_thread_blocked, id=16836, stack(0x000000a67cc00000,0x000000a67cd00000)]
  0x00000261f5c7a800 JavaThread "Unconstrained build operations Thread 33" [_thread_blocked, id=17648, stack(0x000000a67cd00000,0x000000a67ce00000)]
  0x00000261f5c75800 JavaThread "Unconstrained build operations Thread 34" [_thread_blocked, id=18768, stack(0x000000a67ce00000,0x000000a67cf00000)]
  0x00000261f5c7b000 JavaThread "Unconstrained build operations Thread 35" [_thread_blocked, id=10796, stack(0x000000a67cf00000,0x000000a67d000000)]
  0x00000261f5c7c000 JavaThread "Unconstrained build operations Thread 36" [_thread_blocked, id=22696, stack(0x000000a67d000000,0x000000a67d100000)]
  0x00000261f5c76000 JavaThread "Unconstrained build operations Thread 37" [_thread_blocked, id=16672, stack(0x000000a67d100000,0x000000a67d200000)]
  0x00000261f5c7c800 JavaThread "Unconstrained build operations Thread 38" [_thread_blocked, id=9436, stack(0x000000a67d200000,0x000000a67d300000)]
  0x00000261f5c77000 JavaThread "Unconstrained build operations Thread 39" [_thread_blocked, id=11472, stack(0x000000a67d300000,0x000000a67d400000)]
  0x00000261f5c7f000 JavaThread "Unconstrained build operations Thread 40" [_thread_blocked, id=12356, stack(0x000000a67d400000,0x000000a67d500000)]
  0x00000261f5c81800 JavaThread "Unconstrained build operations Thread 41" [_thread_blocked, id=19516, stack(0x000000a67d500000,0x000000a67d600000)]
  0x00000261f5c80000 JavaThread "Unconstrained build operations Thread 42" [_thread_blocked, id=13364, stack(0x000000a67d600000,0x000000a67d700000)]
  0x00000261f5c7d800 JavaThread "Unconstrained build operations Thread 43" [_thread_blocked, id=24440, stack(0x000000a67d700000,0x000000a67d800000)]
  0x00000261f5c7e800 JavaThread "Unconstrained build operations Thread 44" [_thread_blocked, id=22980, stack(0x000000a67d800000,0x000000a67d900000)]
  0x00000261f5c81000 JavaThread "Unconstrained build operations Thread 45" [_thread_blocked, id=9088, stack(0x000000a67d900000,0x000000a67da00000)]
  0x00000261f1e24000 JavaThread "Unconstrained build operations Thread 46" [_thread_blocked, id=19748, stack(0x000000a67da00000,0x000000a67db00000)]
  0x00000261f1e23800 JavaThread "Unconstrained build operations Thread 47" [_thread_blocked, id=2152, stack(0x000000a67db00000,0x000000a67dc00000)]
  0x00000261f1e1e800 JavaThread "Unconstrained build operations Thread 48" [_thread_blocked, id=4172, stack(0x000000a67dc00000,0x000000a67dd00000)]
  0x00000261f1e25000 JavaThread "Unconstrained build operations Thread 49" [_thread_blocked, id=23896, stack(0x000000a67dd00000,0x000000a67de00000)]
  0x00000261f1e21800 JavaThread "Unconstrained build operations Thread 50" [_thread_blocked, id=15232, stack(0x000000a67de00000,0x000000a67df00000)]
  0x00000261f1e1f800 JavaThread "Unconstrained build operations Thread 51" [_thread_blocked, id=21664, stack(0x000000a67df00000,0x000000a67e000000)]
  0x00000261f1e22800 JavaThread "Unconstrained build operations Thread 52" [_thread_blocked, id=9524, stack(0x000000a67e000000,0x000000a67e100000)]
  0x00000261f1e26000 JavaThread "Unconstrained build operations Thread 53" [_thread_blocked, id=2280, stack(0x000000a67e100000,0x000000a67e200000)]
  0x00000261f1e20000 JavaThread "Unconstrained build operations Thread 54" [_thread_blocked, id=4680, stack(0x000000a67e200000,0x000000a67e300000)]
  0x00000261f1e26800 JavaThread "Unconstrained build operations Thread 55" [_thread_blocked, id=12904, stack(0x000000a67e300000,0x000000a67e400000)]
  0x00000261f1e21000 JavaThread "Unconstrained build operations Thread 56" [_thread_blocked, id=22416, stack(0x000000a67e400000,0x000000a67e500000)]
  0x00000261f1e2a000 JavaThread "Unconstrained build operations Thread 57" [_thread_blocked, id=18628, stack(0x000000a67e500000,0x000000a67e600000)]
  0x00000261f1e29000 JavaThread "Unconstrained build operations Thread 58" [_thread_blocked, id=12352, stack(0x000000a67e600000,0x000000a67e700000)]
  0x00000261f1e2a800 JavaThread "Unconstrained build operations Thread 59" [_thread_blocked, id=24540, stack(0x000000a67e700000,0x000000a67e800000)]
  0x00000261f1e2b800 JavaThread "Unconstrained build operations Thread 60" [_thread_blocked, id=13692, stack(0x000000a67e800000,0x000000a67e900000)]
  0x00000261f1e28800 JavaThread "Unconstrained build operations Thread 61" [_thread_blocked, id=112, stack(0x000000a67e900000,0x000000a67ea00000)]
  0x00000261f1e2c800 JavaThread "Unconstrained build operations Thread 62" [_thread_blocked, id=11956, stack(0x000000a67ea00000,0x000000a67eb00000)]
  0x00000261f1e2d000 JavaThread "Unconstrained build operations Thread 63" [_thread_blocked, id=22432, stack(0x000000a67eb00000,0x000000a67ec00000)]
  0x00000261f1e27800 JavaThread "Unconstrained build operations Thread 64" [_thread_blocked, id=5400, stack(0x000000a67ec00000,0x000000a67ed00000)]
  0x00000261ef022000 JavaThread "Unconstrained build operations Thread 65" [_thread_blocked, id=4904, stack(0x000000a67ed00000,0x000000a67ee00000)]
  0x00000261ef021000 JavaThread "Unconstrained build operations Thread 66" [_thread_blocked, id=10356, stack(0x000000a67ee00000,0x000000a67ef00000)]
  0x00000261ef022800 JavaThread "Unconstrained build operations Thread 67" [_thread_blocked, id=21612, stack(0x000000a67ef00000,0x000000a67f000000)]
  0x00000261ef023800 JavaThread "Unconstrained build operations Thread 68" [_thread_blocked, id=24280, stack(0x000000a67f000000,0x000000a67f100000)]
  0x00000261ef020000 JavaThread "Unconstrained build operations Thread 69" [_thread_blocked, id=15004, stack(0x000000a67f100000,0x000000a67f200000)]
  0x00000261ef01d800 JavaThread "Unconstrained build operations Thread 70" [_thread_blocked, id=11468, stack(0x000000a67f200000,0x000000a67f300000)]
  0x00000261ef024000 JavaThread "Unconstrained build operations Thread 71" [_thread_blocked, id=18132, stack(0x000000a67f300000,0x000000a67f400000)]
  0x00000261ef01f800 JavaThread "Unconstrained build operations Thread 72" [_thread_blocked, id=6608, stack(0x000000a67f400000,0x000000a67f500000)]
  0x00000261ef01e800 JavaThread "Unconstrained build operations Thread 73" [_thread_blocked, id=22448, stack(0x000000a67f500000,0x000000a67f600000)]
  0x00000261ef029000 JavaThread "Unconstrained build operations Thread 74" [_thread_blocked, id=12644, stack(0x000000a67f600000,0x000000a67f700000)]
  0x00000261ef02a000 JavaThread "Unconstrained build operations Thread 75" [_thread_blocked, id=22144, stack(0x000000a67f700000,0x000000a67f800000)]
  0x00000261ef027800 JavaThread "Unconstrained build operations Thread 76" [_thread_blocked, id=23000, stack(0x000000a67f800000,0x000000a67f900000)]
  0x00000261ef026000 JavaThread "Unconstrained build operations Thread 77" [_thread_blocked, id=10376, stack(0x000000a67f900000,0x000000a67fa00000)]
  0x00000261ef026800 JavaThread "Unconstrained build operations Thread 78" [_thread_blocked, id=23444, stack(0x000000a67fa00000,0x000000a67fb00000)]
  0x00000261ef02b000 JavaThread "Unconstrained build operations Thread 79" [_thread_blocked, id=16472, stack(0x000000a67fb00000,0x000000a67fc00000)]
  0x00000261ef025000 JavaThread "Unconstrained build operations Thread 80" [_thread_blocked, id=23096, stack(0x000000a67fc00000,0x000000a67fd00000)]
  0x00000261ef02b800 JavaThread "jar transforms Thread 6" [_thread_blocked, id=15768, stack(0x000000a67fd00000,0x000000a67fe00000)]
  0x00000261ef02c800 JavaThread "jar transforms Thread 7" [_thread_blocked, id=4876, stack(0x000000a67fe00000,0x000000a67ff00000)]
  0x00000261ef028800 JavaThread "jar transforms Thread 8" [_thread_blocked, id=18824, stack(0x000000a67ff00000,0x000000a680000000)]
  0x00000261f25ea000 JavaThread "Memory manager" [_thread_blocked, id=23652, stack(0x000000a600200000,0x000000a600300000)]
  0x00000261f60a2800 JavaThread "C2 CompilerThread1" daemon [_thread_in_native, id=21064, stack(0x000000a600500000,0x000000a600600000)]
  0x00000261f0ccf000 JavaThread "C2 CompilerThread2" daemon [_thread_in_native, id=20372, stack(0x000000a600600000,0x000000a600700000)]

Other Threads:
  0x00000261ee139000 VMThread "VM Thread" [stack: 0x000000a677c00000,0x000000a677d00000] [id=4824]
  0x00000261eebd4800 WatcherThread [stack: 0x000000a678600000,0x000000a678700000] [id=23988]
  0x00000261c8ffa000 GCTaskThread "GC Thread#0" [stack: 0x000000a677700000,0x000000a677800000] [id=23664]
  0x00000261efc57800 GCTaskThread "GC Thread#1" [stack: 0x000000a678900000,0x000000a678a00000] [id=16416]
  0x00000261efd1b000 GCTaskThread "GC Thread#2" [stack: 0x000000a678a00000,0x000000a678b00000] [id=17136]
  0x00000261ef922800 GCTaskThread "GC Thread#3" [stack: 0x000000a678b00000,0x000000a678c00000] [id=15716]
  0x00000261efd59000 GCTaskThread "GC Thread#4" [stack: 0x000000a678c00000,0x000000a678d00000] [id=7724]
  0x00000261efd59800 GCTaskThread "GC Thread#5" [stack: 0x000000a678d00000,0x000000a678e00000] [id=24104]
  0x00000261f1589000 GCTaskThread "GC Thread#6" [stack: 0x000000a679a00000,0x000000a679b00000] [id=24144]
  0x00000261f22ed800 GCTaskThread "GC Thread#7" [stack: 0x000000a679b00000,0x000000a679c00000] [id=8800]
  0x00000261c9061000 ConcurrentGCThread "G1 Main Marker" [stack: 0x000000a677800000,0x000000a677900000] [id=2668]
  0x00000261c9063800 ConcurrentGCThread "G1 Conc#0" [stack: 0x000000a677900000,0x000000a677a00000] [id=21156]
  0x00000261ef1c1800 ConcurrentGCThread "G1 Conc#1" [stack: 0x000000a679c00000,0x000000a679d00000] [id=9072]
  0x00000261ee01e000 ConcurrentGCThread "G1 Refine#0" [stack: 0x000000a677a00000,0x000000a677b00000] [id=8544]
  0x00000261f1a46800 ConcurrentGCThread "G1 Refine#1" [stack: 0x000000a600000000,0x000000a600100000] [id=14652]
  0x00000261f2178800 ConcurrentGCThread "G1 Refine#2" [stack: 0x000000a600100000,0x000000a600200000] [id=21000]
  0x00000261ee021000 ConcurrentGCThread "G1 Young RemSet Sampling" [stack: 0x000000a677b00000,0x000000a677c00000] [id=18736]

Threads with active compile tasks:
C2 CompilerThread0    42156 7299       4       org.gradle.internal.reflect.MethodSet::add (50 bytes)
C2 CompilerThread1    42156 6911 %     4       org.gradle.internal.instantiation.generator.AbstractClassGenerator::inspectType @ 207 (560 bytes)
C2 CompilerThread2    42156 7298       4       org.gradle.internal.reflect.ClassInspector::inspectClass (179 bytes)

VM state:not at safepoint (normal execution)

VM Mutex/Monitor currently owned by a thread: None

Heap address: 0x00000006e0000000, size: 4608 MB, Compressed Oops mode: Zero based, Oop shift amount: 3
Narrow klass base: 0x0000000800000000, Narrow klass shift: 0
Compressed class space size: 1073741824 Address: 0x0000000800000000

Heap:
 garbage-first heap   total 260096K, used 81025K [0x00000006e0000000, 0x0000000800000000)
  region size 1024K, 21 young (21504K), 9 survivors (9216K)
 Metaspace       used 71619K, capacity 73769K, committed 73904K, reserved 1114112K
  class space    used 9191K, capacity 9980K, committed 9984K, reserved 1048576K
Heap Regions: E=young(eden), S=young(survivor), O=old, HS=humongous(starts), HC=humongous(continues), CS=collection set, F=free, A=archive, TAMS=top-at-mark-start (previous, next)
|   0|0x00000006e0000000, 0x00000006e0100000, 0x00000006e0100000|100%| O|  |TAMS 0x00000006e0100000, 0x00000006e0000000| Untracked 
|   1|0x00000006e0100000, 0x00000006e0200000, 0x00000006e0200000|100%| O|  |TAMS 0x00000006e0200000, 0x00000006e0100000| Untracked 
|   2|0x00000006e0200000, 0x00000006e0300000, 0x00000006e0300000|100%| O|  |TAMS 0x00000006e0300000, 0x00000006e0200000| Untracked 
|   3|0x00000006e0300000, 0x00000006e0400000, 0x00000006e0400000|100%|HS|  |TAMS 0x00000006e0400000, 0x00000006e0300000| Complete 
|   4|0x00000006e0400000, 0x00000006e0500000, 0x00000006e0500000|100%|HC|  |TAMS 0x00000006e0500000, 0x00000006e0400000| Complete 
|   5|0x00000006e0500000, 0x00000006e0600000, 0x00000006e0600000|100%|HC|  |TAMS 0x00000006e0600000, 0x00000006e0500000| Complete 
|   6|0x00000006e0600000, 0x00000006e0700000, 0x00000006e0700000|100%| O|  |TAMS 0x00000006e0700000, 0x00000006e0600000| Untracked 
|   7|0x00000006e0700000, 0x00000006e0800000, 0x00000006e0800000|100%| O|  |TAMS 0x00000006e0800000, 0x00000006e0700000| Untracked 
|   8|0x00000006e0800000, 0x00000006e0900000, 0x00000006e0900000|100%| O|  |TAMS 0x00000006e0900000, 0x00000006e0800000| Untracked 
|   9|0x00000006e0900000, 0x00000006e0a00000, 0x00000006e0a00000|100%| O|  |TAMS 0x00000006e0a00000, 0x00000006e0900000| Untracked 
|  10|0x00000006e0a00000, 0x00000006e0b00000, 0x00000006e0b00000|100%| O|  |TAMS 0x00000006e0b00000, 0x00000006e0a00000| Untracked 
|  11|0x00000006e0b00000, 0x00000006e0c00000, 0x00000006e0c00000|100%| O|  |TAMS 0x00000006e0c00000, 0x00000006e0b00000| Untracked 
|  12|0x00000006e0c00000, 0x00000006e0d00000, 0x00000006e0d00000|100%| O|  |TAMS 0x00000006e0d00000, 0x00000006e0c00000| Untracked 
|  13|0x00000006e0d00000, 0x00000006e0e00000, 0x00000006e0e00000|100%| O|  |TAMS 0x00000006e0e00000, 0x00000006e0d00000| Untracked 
|  14|0x00000006e0e00000, 0x00000006e0f00000, 0x00000006e0f00000|100%| O|  |TAMS 0x00000006e0f00000, 0x00000006e0e00000| Untracked 
|  15|0x00000006e0f00000, 0x00000006e1000000, 0x00000006e1000000|100%| O|  |TAMS 0x00000006e1000000, 0x00000006e0f00000| Untracked 
|  16|0x00000006e1000000, 0x00000006e1100000, 0x00000006e1100000|100%| O|  |TAMS 0x00000006e1100000, 0x00000006e1000000| Untracked 
|  17|0x00000006e1100000, 0x00000006e1200000, 0x00000006e1200000|100%|HS|  |TAMS 0x00000006e1200000, 0x00000006e1100000| Complete 
|  18|0x00000006e1200000, 0x00000006e1300000, 0x00000006e1300000|100%|HS|  |TAMS 0x00000006e1300000, 0x00000006e1200000| Complete 
|  19|0x00000006e1300000, 0x00000006e1400000, 0x00000006e1400000|100%|HS|  |TAMS 0x00000006e1400000, 0x00000006e1300000| Complete 
|  20|0x00000006e1400000, 0x00000006e1500000, 0x00000006e1500000|100%|HC|  |TAMS 0x00000006e1500000, 0x00000006e1400000| Complete 
|  21|0x00000006e1500000, 0x00000006e1600000, 0x00000006e1600000|100%|HC|  |TAMS 0x00000006e1600000, 0x00000006e1500000| Complete 
|  22|0x00000006e1600000, 0x00000006e1700000, 0x00000006e1700000|100%|HS|  |TAMS 0x00000006e1700000, 0x00000006e1600000| Complete 
|  23|0x00000006e1700000, 0x00000006e1800000, 0x00000006e1800000|100%|HC|  |TAMS 0x00000006e1800000, 0x00000006e1700000| Complete 
|  24|0x00000006e1800000, 0x00000006e1900000, 0x00000006e1900000|100%| O|  |TAMS 0x00000006e1900000, 0x00000006e1800000| Untracked 
|  25|0x00000006e1900000, 0x00000006e1a00000, 0x00000006e1a00000|100%| O|  |TAMS 0x00000006e1a00000, 0x00000006e1900000| Untracked 
|  26|0x00000006e1a00000, 0x00000006e1b00000, 0x00000006e1b00000|100%| O|  |TAMS 0x00000006e1b00000, 0x00000006e1a00000| Untracked 
|  27|0x00000006e1b00000, 0x00000006e1c00000, 0x00000006e1c00000|100%| O|  |TAMS 0x00000006e1c00000, 0x00000006e1b00000| Untracked 
|  28|0x00000006e1c00000, 0x00000006e1d00000, 0x00000006e1d00000|100%| O|  |TAMS 0x00000006e1d00000, 0x00000006e1c00000| Untracked 
|  29|0x00000006e1d00000, 0x00000006e1e00000, 0x00000006e1e00000|100%| O|  |TAMS 0x00000006e1e00000, 0x00000006e1d00000| Untracked 
|  30|0x00000006e1e00000, 0x00000006e1f00000, 0x00000006e1f00000|100%| O|  |TAMS 0x00000006e1f00000, 0x00000006e1e00000| Untracked 
|  31|0x00000006e1f00000, 0x00000006e2000000, 0x00000006e2000000|100%| O|  |TAMS 0x00000006e2000000, 0x00000006e1f00000| Untracked 
|  32|0x00000006e2000000, 0x00000006e2100000, 0x00000006e2100000|100%| O|  |TAMS 0x00000006e2100000, 0x00000006e2000000| Untracked 
|  33|0x00000006e2100000, 0x00000006e2200000, 0x00000006e2200000|100%| O|  |TAMS 0x00000006e2200000, 0x00000006e2100000| Untracked 
|  34|0x00000006e2200000, 0x00000006e2300000, 0x00000006e2300000|100%| O|  |TAMS 0x00000006e2300000, 0x00000006e2200000| Untracked 
|  35|0x00000006e2300000, 0x00000006e2400000, 0x00000006e2400000|100%| O|  |TAMS 0x00000006e2400000, 0x00000006e2300000| Untracked 
|  36|0x00000006e2400000, 0x00000006e2500000, 0x00000006e2500000|100%| O|  |TAMS 0x00000006e2500000, 0x00000006e2400000| Untracked 
|  37|0x00000006e2500000, 0x00000006e2600000, 0x00000006e2600000|100%| O|  |TAMS 0x00000006e2600000, 0x00000006e2500000| Untracked 
|  38|0x00000006e2600000, 0x00000006e2700000, 0x00000006e2700000|100%| O|  |TAMS 0x00000006e2700000, 0x00000006e2600000| Untracked 
|  39|0x00000006e2700000, 0x00000006e2800000, 0x00000006e2800000|100%| O|  |TAMS 0x00000006e2800000, 0x00000006e2700000| Untracked 
|  40|0x00000006e2800000, 0x00000006e2900000, 0x00000006e2900000|100%| O|  |TAMS 0x00000006e2900000, 0x00000006e2800000| Untracked 
|  41|0x00000006e2900000, 0x00000006e2a00000, 0x00000006e2a00000|100%| O|  |TAMS 0x00000006e2a00000, 0x00000006e2900000| Untracked 
|  42|0x00000006e2a00000, 0x00000006e2b00000, 0x00000006e2b00000|100%| O|  |TAMS 0x00000006e2b00000, 0x00000006e2a00000| Untracked 
|  43|0x00000006e2b00000, 0x00000006e2c00000, 0x00000006e2c00000|100%| O|  |TAMS 0x00000006e2c00000, 0x00000006e2b00000| Untracked 
|  44|0x00000006e2c00000, 0x00000006e2d00000, 0x00000006e2d00000|100%| O|  |TAMS 0x00000006e2d00000, 0x00000006e2c00000| Untracked 
|  45|0x00000006e2d00000, 0x00000006e2e00000, 0x00000006e2e00000|100%| O|  |TAMS 0x00000006e2e00000, 0x00000006e2d00000| Untracked 
|  46|0x00000006e2e00000, 0x00000006e2f00000, 0x00000006e2f00000|100%| O|  |TAMS 0x00000006e2f00000, 0x00000006e2e00000| Untracked 
|  47|0x00000006e2f00000, 0x00000006e3000000, 0x00000006e3000000|100%| O|  |TAMS 0x00000006e3000000, 0x00000006e2f00000| Untracked 
|  48|0x00000006e3000000, 0x00000006e3100000, 0x00000006e3100000|100%| O|  |TAMS 0x00000006e30d9800, 0x00000006e3000000| Untracked 
|  49|0x00000006e3100000, 0x00000006e3200000, 0x00000006e3200000|100%| O|  |TAMS 0x00000006e3100000, 0x00000006e3100000| Untracked 
|  50|0x00000006e3200000, 0x00000006e3300000, 0x00000006e3300000|100%| O|  |TAMS 0x00000006e3200000, 0x00000006e3200000| Untracked 
|  51|0x00000006e3300000, 0x00000006e3400000, 0x00000006e3400000|100%| O|  |TAMS 0x00000006e3300000, 0x00000006e3300000| Untracked 
|  52|0x00000006e3400000, 0x00000006e3500000, 0x00000006e3500000|100%| O|  |TAMS 0x00000006e3400000, 0x00000006e3400000| Untracked 
|  53|0x00000006e3500000, 0x00000006e3600000, 0x00000006e3600000|100%| O|  |TAMS 0x00000006e3500000, 0x00000006e3500000| Untracked 
|  54|0x00000006e3600000, 0x00000006e3700000, 0x00000006e3700000|100%| O|  |TAMS 0x00000006e3600000, 0x00000006e3600000| Untracked 
|  55|0x00000006e3700000, 0x00000006e3800000, 0x00000006e3800000|100%| O|  |TAMS 0x00000006e3700000, 0x00000006e3700000| Untracked 
|  56|0x00000006e3800000, 0x00000006e3900000, 0x00000006e3900000|100%| O|  |TAMS 0x00000006e3800000, 0x00000006e3800000| Untracked 
|  57|0x00000006e3900000, 0x00000006e3a00000, 0x00000006e3a00000|100%| O|  |TAMS 0x00000006e3900000, 0x00000006e3900000| Untracked 
|  58|0x00000006e3a00000, 0x00000006e3b00000, 0x00000006e3b00000|100%| O|  |TAMS 0x00000006e3a00000, 0x00000006e3a00000| Untracked 
|  59|0x00000006e3b00000, 0x00000006e3bac000, 0x00000006e3c00000| 67%| O|  |TAMS 0x00000006e3b00000, 0x00000006e3b00000| Untracked 
|  60|0x00000006e3c00000, 0x00000006e3c00000, 0x00000006e3d00000|  0%| F|  |TAMS 0x00000006e3c00000, 0x00000006e3c00000| Untracked 
|  61|0x00000006e3d00000, 0x00000006e3d00000, 0x00000006e3e00000|  0%| F|  |TAMS 0x00000006e3d00000, 0x00000006e3d00000| Untracked 
|  62|0x00000006e3e00000, 0x00000006e3e00000, 0x00000006e3f00000|  0%| F|  |TAMS 0x00000006e3e00000, 0x00000006e3e00000| Untracked 
|  63|0x00000006e3f00000, 0x00000006e3f00000, 0x00000006e4000000|  0%| F|  |TAMS 0x00000006e3f00000, 0x00000006e3f00000| Untracked 
|  64|0x00000006e4000000, 0x00000006e4000000, 0x00000006e4100000|  0%| F|  |TAMS 0x00000006e4000000, 0x00000006e4000000| Untracked 
|  65|0x00000006e4100000, 0x00000006e4100000, 0x00000006e4200000|  0%| F|  |TAMS 0x00000006e4100000, 0x00000006e4100000| Untracked 
|  66|0x00000006e4200000, 0x00000006e4200000, 0x00000006e4300000|  0%| F|  |TAMS 0x00000006e4200000, 0x00000006e4200000| Untracked 
|  67|0x00000006e4300000, 0x00000006e4300000, 0x00000006e4400000|  0%| F|  |TAMS 0x00000006e4300000, 0x00000006e4300000| Untracked 
|  68|0x00000006e4400000, 0x00000006e4400000, 0x00000006e4500000|  0%| F|  |TAMS 0x00000006e4400000, 0x00000006e4400000| Untracked 
|  69|0x00000006e4500000, 0x00000006e4500000, 0x00000006e4600000|  0%| F|  |TAMS 0x00000006e4500000, 0x00000006e4500000| Untracked 
|  70|0x00000006e4600000, 0x00000006e4600000, 0x00000006e4700000|  0%| F|  |TAMS 0x00000006e4600000, 0x00000006e4600000| Untracked 
|  71|0x00000006e4700000, 0x00000006e4700000, 0x00000006e4800000|  0%| F|  |TAMS 0x00000006e4700000, 0x00000006e4700000| Untracked 
|  72|0x00000006e4800000, 0x00000006e4800000, 0x00000006e4900000|  0%| F|  |TAMS 0x00000006e4800000, 0x00000006e4800000| Untracked 
|  73|0x00000006e4900000, 0x00000006e4900000, 0x00000006e4a00000|  0%| F|  |TAMS 0x00000006e4900000, 0x00000006e4900000| Untracked 
|  74|0x00000006e4a00000, 0x00000006e4a00000, 0x00000006e4b00000|  0%| F|  |TAMS 0x00000006e4a00000, 0x00000006e4a00000| Untracked 
|  75|0x00000006e4b00000, 0x00000006e4b00000, 0x00000006e4c00000|  0%| F|  |TAMS 0x00000006e4b00000, 0x00000006e4b00000| Untracked 
|  76|0x00000006e4c00000, 0x00000006e4c00000, 0x00000006e4d00000|  0%| F|  |TAMS 0x00000006e4c00000, 0x00000006e4c00000| Untracked 
|  77|0x00000006e4d00000, 0x00000006e4d00000, 0x00000006e4e00000|  0%| F|  |TAMS 0x00000006e4d00000, 0x00000006e4d00000| Untracked 
|  78|0x00000006e4e00000, 0x00000006e4e00000, 0x00000006e4f00000|  0%| F|  |TAMS 0x00000006e4e00000, 0x00000006e4e00000| Untracked 
|  79|0x00000006e4f00000, 0x00000006e4f00000, 0x00000006e5000000|  0%| F|  |TAMS 0x00000006e4f00000, 0x00000006e4f00000| Untracked 
|  80|0x00000006e5000000, 0x00000006e5000000, 0x00000006e5100000|  0%| F|  |TAMS 0x00000006e5000000, 0x00000006e5000000| Untracked 
|  81|0x00000006e5100000, 0x00000006e5100000, 0x00000006e5200000|  0%| F|  |TAMS 0x00000006e5100000, 0x00000006e5100000| Untracked 
|  82|0x00000006e5200000, 0x00000006e5200000, 0x00000006e5300000|  0%| F|  |TAMS 0x00000006e5200000, 0x00000006e5200000| Untracked 
|  83|0x00000006e5300000, 0x00000006e5300000, 0x00000006e5400000|  0%| F|  |TAMS 0x00000006e5300000, 0x00000006e5300000| Untracked 
|  84|0x00000006e5400000, 0x00000006e5400000, 0x00000006e5500000|  0%| F|  |TAMS 0x00000006e5400000, 0x00000006e5400000| Untracked 
|  85|0x00000006e5500000, 0x00000006e5500000, 0x00000006e5600000|  0%| F|  |TAMS 0x00000006e5500000, 0x00000006e5500000| Untracked 
|  86|0x00000006e5600000, 0x00000006e5600000, 0x00000006e5700000|  0%| F|  |TAMS 0x00000006e5600000, 0x00000006e5600000| Untracked 
|  87|0x00000006e5700000, 0x00000006e5700000, 0x00000006e5800000|  0%| F|  |TAMS 0x00000006e5700000, 0x00000006e5700000| Untracked 
|  88|0x00000006e5800000, 0x00000006e5800000, 0x00000006e5900000|  0%| F|  |TAMS 0x00000006e5800000, 0x00000006e5800000| Untracked 
|  89|0x00000006e5900000, 0x00000006e5900000, 0x00000006e5a00000|  0%| F|  |TAMS 0x00000006e5900000, 0x00000006e5900000| Untracked 
|  90|0x00000006e5a00000, 0x00000006e5a00000, 0x00000006e5b00000|  0%| F|  |TAMS 0x00000006e5a00000, 0x00000006e5a00000| Untracked 
|  91|0x00000006e5b00000, 0x00000006e5b00000, 0x00000006e5c00000|  0%| F|  |TAMS 0x00000006e5b00000, 0x00000006e5b00000| Untracked 
|  92|0x00000006e5c00000, 0x00000006e5c00000, 0x00000006e5d00000|  0%| F|  |TAMS 0x00000006e5c00000, 0x00000006e5c00000| Untracked 
|  93|0x00000006e5d00000, 0x00000006e5d00000, 0x00000006e5e00000|  0%| F|  |TAMS 0x00000006e5d00000, 0x00000006e5d00000| Untracked 
|  94|0x00000006e5e00000, 0x00000006e5e00000, 0x00000006e5f00000|  0%| F|  |TAMS 0x00000006e5e00000, 0x00000006e5e00000| Untracked 
|  95|0x00000006e5f00000, 0x00000006e5f00000, 0x00000006e6000000|  0%| F|  |TAMS 0x00000006e5f00000, 0x00000006e5f00000| Untracked 
|  96|0x00000006e6000000, 0x00000006e6000000, 0x00000006e6100000|  0%| F|  |TAMS 0x00000006e6000000, 0x00000006e6000000| Untracked 
|  97|0x00000006e6100000, 0x00000006e6100000, 0x00000006e6200000|  0%| F|  |TAMS 0x00000006e6100000, 0x00000006e6100000| Untracked 
|  98|0x00000006e6200000, 0x00000006e6200000, 0x00000006e6300000|  0%| F|  |TAMS 0x00000006e6200000, 0x00000006e6200000| Untracked 
|  99|0x00000006e6300000, 0x00000006e6300000, 0x00000006e6400000|  0%| F|  |TAMS 0x00000006e6300000, 0x00000006e6300000| Untracked 
| 100|0x00000006e6400000, 0x00000006e6400000, 0x00000006e6500000|  0%| F|  |TAMS 0x00000006e6400000, 0x00000006e6400000| Untracked 
| 101|0x00000006e6500000, 0x00000006e6500000, 0x00000006e6600000|  0%| F|  |TAMS 0x00000006e6500000, 0x00000006e6500000| Untracked 
| 102|0x00000006e6600000, 0x00000006e6600000, 0x00000006e6700000|  0%| F|  |TAMS 0x00000006e6600000, 0x00000006e6600000| Untracked 
| 103|0x00000006e6700000, 0x00000006e6700000, 0x00000006e6800000|  0%| F|  |TAMS 0x00000006e6700000, 0x00000006e6700000| Untracked 
| 104|0x00000006e6800000, 0x00000006e6800000, 0x00000006e6900000|  0%| F|  |TAMS 0x00000006e6800000, 0x00000006e6800000| Untracked 
| 105|0x00000006e6900000, 0x00000006e6900000, 0x00000006e6a00000|  0%| F|  |TAMS 0x00000006e6900000, 0x00000006e6900000| Untracked 
| 106|0x00000006e6a00000, 0x00000006e6a00000, 0x00000006e6b00000|  0%| F|  |TAMS 0x00000006e6a00000, 0x00000006e6a00000| Untracked 
| 107|0x00000006e6b00000, 0x00000006e6b00000, 0x00000006e6c00000|  0%| F|  |TAMS 0x00000006e6b00000, 0x00000006e6b00000| Untracked 
| 108|0x00000006e6c00000, 0x00000006e6c00000, 0x00000006e6d00000|  0%| F|  |TAMS 0x00000006e6c00000, 0x00000006e6c00000| Untracked 
| 109|0x00000006e6d00000, 0x00000006e6d00000, 0x00000006e6e00000|  0%| F|  |TAMS 0x00000006e6d00000, 0x00000006e6d00000| Untracked 
| 110|0x00000006e6e00000, 0x00000006e6e00000, 0x00000006e6f00000|  0%| F|  |TAMS 0x00000006e6e00000, 0x00000006e6e00000| Untracked 
| 111|0x00000006e6f00000, 0x00000006e6f00000, 0x00000006e7000000|  0%| F|  |TAMS 0x00000006e6f00000, 0x00000006e6f00000| Untracked 
| 112|0x00000006e7000000, 0x00000006e7000000, 0x00000006e7100000|  0%| F|  |TAMS 0x00000006e7000000, 0x00000006e7000000| Untracked 
| 113|0x00000006e7100000, 0x00000006e7100000, 0x00000006e7200000|  0%| F|  |TAMS 0x00000006e7100000, 0x00000006e7100000| Untracked 
| 114|0x00000006e7200000, 0x00000006e7200000, 0x00000006e7300000|  0%| F|  |TAMS 0x00000006e7200000, 0x00000006e7200000| Untracked 
| 115|0x00000006e7300000, 0x00000006e7300000, 0x00000006e7400000|  0%| F|  |TAMS 0x00000006e7300000, 0x00000006e7300000| Untracked 
| 116|0x00000006e7400000, 0x00000006e7400000, 0x00000006e7500000|  0%| F|  |TAMS 0x00000006e7400000, 0x00000006e7400000| Untracked 
| 117|0x00000006e7500000, 0x00000006e7500000, 0x00000006e7600000|  0%| F|  |TAMS 0x00000006e7500000, 0x00000006e7500000| Untracked 
| 118|0x00000006e7600000, 0x00000006e7600000, 0x00000006e7700000|  0%| F|  |TAMS 0x00000006e7600000, 0x00000006e7600000| Untracked 
| 119|0x00000006e7700000, 0x00000006e7700000, 0x00000006e7800000|  0%| F|  |TAMS 0x00000006e7700000, 0x00000006e7700000| Untracked 
| 120|0x00000006e7800000, 0x00000006e7800000, 0x00000006e7900000|  0%| F|  |TAMS 0x00000006e7800000, 0x00000006e7800000| Untracked 
| 121|0x00000006e7900000, 0x00000006e7900000, 0x00000006e7a00000|  0%| F|  |TAMS 0x00000006e7900000, 0x00000006e7900000| Untracked 
| 122|0x00000006e7a00000, 0x00000006e7a00000, 0x00000006e7b00000|  0%| F|  |TAMS 0x00000006e7a00000, 0x00000006e7a00000| Untracked 
| 123|0x00000006e7b00000, 0x00000006e7b00000, 0x00000006e7c00000|  0%| F|  |TAMS 0x00000006e7b00000, 0x00000006e7b00000| Untracked 
| 124|0x00000006e7c00000, 0x00000006e7c00000, 0x00000006e7d00000|  0%| F|  |TAMS 0x00000006e7c00000, 0x00000006e7c00000| Untracked 
| 125|0x00000006e7d00000, 0x00000006e7d00000, 0x00000006e7e00000|  0%| F|  |TAMS 0x00000006e7d00000, 0x00000006e7d00000| Untracked 
| 126|0x00000006e7e00000, 0x00000006e7e00000, 0x00000006e7f00000|  0%| F|  |TAMS 0x00000006e7e00000, 0x00000006e7e00000| Untracked 
| 127|0x00000006e7f00000, 0x00000006e7f00000, 0x00000006e8000000|  0%| F|  |TAMS 0x00000006e7f00000, 0x00000006e7f00000| Untracked 
| 128|0x00000006e8000000, 0x00000006e8000000, 0x00000006e8100000|  0%| F|  |TAMS 0x00000006e8000000, 0x00000006e8000000| Untracked 
| 129|0x00000006e8100000, 0x00000006e8100000, 0x00000006e8200000|  0%| F|  |TAMS 0x00000006e8100000, 0x00000006e8100000| Untracked 
| 130|0x00000006e8200000, 0x00000006e8200000, 0x00000006e8300000|  0%| F|  |TAMS 0x00000006e8200000, 0x00000006e8200000| Untracked 
| 131|0x00000006e8300000, 0x00000006e8300000, 0x00000006e8400000|  0%| F|  |TAMS 0x00000006e8300000, 0x00000006e8300000| Untracked 
| 132|0x00000006e8400000, 0x00000006e8400000, 0x00000006e8500000|  0%| F|  |TAMS 0x00000006e8400000, 0x00000006e8400000| Untracked 
| 133|0x00000006e8500000, 0x00000006e8500000, 0x00000006e8600000|  0%| F|  |TAMS 0x00000006e8500000, 0x00000006e8500000| Untracked 
| 134|0x00000006e8600000, 0x00000006e86747c0, 0x00000006e8700000| 45%| S|CS|TAMS 0x00000006e8600000, 0x00000006e8600000| Complete 
| 135|0x00000006e8700000, 0x00000006e8800000, 0x00000006e8800000|100%| S|CS|TAMS 0x00000006e8700000, 0x00000006e8700000| Complete 
| 136|0x00000006e8800000, 0x00000006e8900000, 0x00000006e8900000|100%| S|CS|TAMS 0x00000006e8800000, 0x00000006e8800000| Complete 
| 137|0x00000006e8900000, 0x00000006e8a00000, 0x00000006e8a00000|100%| S|CS|TAMS 0x00000006e8900000, 0x00000006e8900000| Complete 
| 138|0x00000006e8a00000, 0x00000006e8b00000, 0x00000006e8b00000|100%| S|CS|TAMS 0x00000006e8a00000, 0x00000006e8a00000| Complete 
| 139|0x00000006e8b00000, 0x00000006e8c00000, 0x00000006e8c00000|100%| S|CS|TAMS 0x00000006e8b00000, 0x00000006e8b00000| Complete 
| 140|0x00000006e8c00000, 0x00000006e8d00000, 0x00000006e8d00000|100%| S|CS|TAMS 0x00000006e8c00000, 0x00000006e8c00000| Complete 
| 141|0x00000006e8d00000, 0x00000006e8e00000, 0x00000006e8e00000|100%| S|CS|TAMS 0x00000006e8d00000, 0x00000006e8d00000| Complete 
| 142|0x00000006e8e00000, 0x00000006e8e00000, 0x00000006e8f00000|  0%| F|  |TAMS 0x00000006e8e00000, 0x00000006e8e00000| Untracked 
| 143|0x00000006e8f00000, 0x00000006e8f00000, 0x00000006e9000000|  0%| F|  |TAMS 0x00000006e8f00000, 0x00000006e8f00000| Untracked 
| 144|0x00000006e9000000, 0x00000006e9000000, 0x00000006e9100000|  0%| F|  |TAMS 0x00000006e9000000, 0x00000006e9000000| Untracked 
| 145|0x00000006e9100000, 0x00000006e9100000, 0x00000006e9200000|  0%| F|  |TAMS 0x00000006e9100000, 0x00000006e9100000| Untracked 
| 146|0x00000006e9200000, 0x00000006e9200000, 0x00000006e9300000|  0%| F|  |TAMS 0x00000006e9200000, 0x00000006e9200000| Untracked 
| 147|0x00000006e9300000, 0x00000006e9300000, 0x00000006e9400000|  0%| F|  |TAMS 0x00000006e9300000, 0x00000006e9300000| Untracked 
| 148|0x00000006e9400000, 0x00000006e9400000, 0x00000006e9500000|  0%| F|  |TAMS 0x00000006e9400000, 0x00000006e9400000| Untracked 
| 149|0x00000006e9500000, 0x00000006e9500000, 0x00000006e9600000|  0%| F|  |TAMS 0x00000006e9500000, 0x00000006e9500000| Untracked 
| 150|0x00000006e9600000, 0x00000006e9600000, 0x00000006e9700000|  0%| F|  |TAMS 0x00000006e9600000, 0x00000006e9600000| Untracked 
| 151|0x00000006e9700000, 0x00000006e9700000, 0x00000006e9800000|  0%| F|  |TAMS 0x00000006e9700000, 0x00000006e9700000| Untracked 
| 152|0x00000006e9800000, 0x00000006e9800000, 0x00000006e9900000|  0%| F|  |TAMS 0x00000006e9800000, 0x00000006e9800000| Untracked 
| 153|0x00000006e9900000, 0x00000006e9900000, 0x00000006e9a00000|  0%| F|  |TAMS 0x00000006e9900000, 0x00000006e9900000| Untracked 
| 154|0x00000006e9a00000, 0x00000006e9b00000, 0x00000006e9b00000|100%| S|CS|TAMS 0x00000006e9a00000, 0x00000006e9a00000| Complete 
| 155|0x00000006e9b00000, 0x00000006e9b00000, 0x00000006e9c00000|  0%| F|  |TAMS 0x00000006e9b00000, 0x00000006e9b00000| Untracked 
| 156|0x00000006e9c00000, 0x00000006e9c00000, 0x00000006e9d00000|  0%| F|  |TAMS 0x00000006e9c00000, 0x00000006e9c00000| Untracked 
| 157|0x00000006e9d00000, 0x00000006e9d00000, 0x00000006e9e00000|  0%| F|  |TAMS 0x00000006e9d00000, 0x00000006e9d00000| Untracked 
| 158|0x00000006e9e00000, 0x00000006e9e00000, 0x00000006e9f00000|  0%| F|  |TAMS 0x00000006e9e00000, 0x00000006e9e00000| Untracked 
| 159|0x00000006e9f00000, 0x00000006e9f00000, 0x00000006ea000000|  0%| F|  |TAMS 0x00000006e9f00000, 0x00000006e9f00000| Untracked 
| 160|0x00000006ea000000, 0x00000006ea000000, 0x00000006ea100000|  0%| F|  |TAMS 0x00000006ea000000, 0x00000006ea000000| Untracked 
| 161|0x00000006ea100000, 0x00000006ea100000, 0x00000006ea200000|  0%| F|  |TAMS 0x00000006ea100000, 0x00000006ea100000| Untracked 
| 162|0x00000006ea200000, 0x00000006ea200000, 0x00000006ea300000|  0%| F|  |TAMS 0x00000006ea200000, 0x00000006ea200000| Untracked 
| 163|0x00000006ea300000, 0x00000006ea300000, 0x00000006ea400000|  0%| F|  |TAMS 0x00000006ea300000, 0x00000006ea300000| Untracked 
| 164|0x00000006ea400000, 0x00000006ea400000, 0x00000006ea500000|  0%| F|  |TAMS 0x00000006ea400000, 0x00000006ea400000| Untracked 
| 165|0x00000006ea500000, 0x00000006ea500000, 0x00000006ea600000|  0%| F|  |TAMS 0x00000006ea500000, 0x00000006ea500000| Untracked 
| 166|0x00000006ea600000, 0x00000006ea600000, 0x00000006ea700000|  0%| F|  |TAMS 0x00000006ea600000, 0x00000006ea600000| Untracked 
| 167|0x00000006ea700000, 0x00000006ea700000, 0x00000006ea800000|  0%| F|  |TAMS 0x00000006ea700000, 0x00000006ea700000| Untracked 
| 168|0x00000006ea800000, 0x00000006ea800000, 0x00000006ea900000|  0%| F|  |TAMS 0x00000006ea800000, 0x00000006ea800000| Untracked 
| 169|0x00000006ea900000, 0x00000006ea900000, 0x00000006eaa00000|  0%| F|  |TAMS 0x00000006ea900000, 0x00000006ea900000| Untracked 
| 170|0x00000006eaa00000, 0x00000006eaa00000, 0x00000006eab00000|  0%| F|  |TAMS 0x00000006eaa00000, 0x00000006eaa00000| Untracked 
| 171|0x00000006eab00000, 0x00000006eab00000, 0x00000006eac00000|  0%| F|  |TAMS 0x00000006eab00000, 0x00000006eab00000| Untracked 
| 172|0x00000006eac00000, 0x00000006eac00000, 0x00000006ead00000|  0%| F|  |TAMS 0x00000006eac00000, 0x00000006eac00000| Untracked 
| 173|0x00000006ead00000, 0x00000006ead00000, 0x00000006eae00000|  0%| F|  |TAMS 0x00000006ead00000, 0x00000006ead00000| Untracked 
| 174|0x00000006eae00000, 0x00000006eae00000, 0x00000006eaf00000|  0%| F|  |TAMS 0x00000006eae00000, 0x00000006eae00000| Untracked 
| 175|0x00000006eaf00000, 0x00000006eaf00000, 0x00000006eb000000|  0%| F|  |TAMS 0x00000006eaf00000, 0x00000006eaf00000| Untracked 
| 176|0x00000006eb000000, 0x00000006eb000000, 0x00000006eb100000|  0%| F|  |TAMS 0x00000006eb000000, 0x00000006eb000000| Untracked 
| 177|0x00000006eb100000, 0x00000006eb100000, 0x00000006eb200000|  0%| F|  |TAMS 0x00000006eb100000, 0x00000006eb100000| Untracked 
| 178|0x00000006eb200000, 0x00000006eb200000, 0x00000006eb300000|  0%| F|  |TAMS 0x00000006eb200000, 0x00000006eb200000| Untracked 
| 179|0x00000006eb300000, 0x00000006eb300000, 0x00000006eb400000|  0%| F|  |TAMS 0x00000006eb300000, 0x00000006eb300000| Untracked 
| 180|0x00000006eb400000, 0x00000006eb400000, 0x00000006eb500000|  0%| F|  |TAMS 0x00000006eb400000, 0x00000006eb400000| Untracked 
| 181|0x00000006eb500000, 0x00000006eb500000, 0x00000006eb600000|  0%| F|  |TAMS 0x00000006eb500000, 0x00000006eb500000| Untracked 
| 182|0x00000006eb600000, 0x00000006eb600000, 0x00000006eb700000|  0%| F|  |TAMS 0x00000006eb600000, 0x00000006eb600000| Untracked 
| 183|0x00000006eb700000, 0x00000006eb700000, 0x00000006eb800000|  0%| F|  |TAMS 0x00000006eb700000, 0x00000006eb700000| Untracked 
| 184|0x00000006eb800000, 0x00000006eb800000, 0x00000006eb900000|  0%| F|  |TAMS 0x00000006eb800000, 0x00000006eb800000| Untracked 
| 185|0x00000006eb900000, 0x00000006eb900000, 0x00000006eba00000|  0%| F|  |TAMS 0x00000006eb900000, 0x00000006eb900000| Untracked 
| 186|0x00000006eba00000, 0x00000006eba00000, 0x00000006ebb00000|  0%| F|  |TAMS 0x00000006eba00000, 0x00000006eba00000| Untracked 
| 187|0x00000006ebb00000, 0x00000006ebb00000, 0x00000006ebc00000|  0%| F|  |TAMS 0x00000006ebb00000, 0x00000006ebb00000| Untracked 
| 188|0x00000006ebc00000, 0x00000006ebc00000, 0x00000006ebd00000|  0%| F|  |TAMS 0x00000006ebc00000, 0x00000006ebc00000| Untracked 
| 189|0x00000006ebd00000, 0x00000006ebd00000, 0x00000006ebe00000|  0%| F|  |TAMS 0x00000006ebd00000, 0x00000006ebd00000| Untracked 
| 190|0x00000006ebe00000, 0x00000006ebe00000, 0x00000006ebf00000|  0%| F|  |TAMS 0x00000006ebe00000, 0x00000006ebe00000| Untracked 
| 191|0x00000006ebf00000, 0x00000006ebf00000, 0x00000006ec000000|  0%| F|  |TAMS 0x00000006ebf00000, 0x00000006ebf00000| Untracked 
| 192|0x00000006ec000000, 0x00000006ec000000, 0x00000006ec100000|  0%| F|  |TAMS 0x00000006ec000000, 0x00000006ec000000| Untracked 
| 193|0x00000006ec100000, 0x00000006ec100000, 0x00000006ec200000|  0%| F|  |TAMS 0x00000006ec100000, 0x00000006ec100000| Untracked 
| 194|0x00000006ec200000, 0x00000006ec200000, 0x00000006ec300000|  0%| F|  |TAMS 0x00000006ec200000, 0x00000006ec200000| Untracked 
| 195|0x00000006ec300000, 0x00000006ec300000, 0x00000006ec400000|  0%| F|  |TAMS 0x00000006ec300000, 0x00000006ec300000| Untracked 
| 196|0x00000006ec400000, 0x00000006ec400000, 0x00000006ec500000|  0%| F|  |TAMS 0x00000006ec400000, 0x00000006ec400000| Untracked 
| 197|0x00000006ec500000, 0x00000006ec500000, 0x00000006ec600000|  0%| F|  |TAMS 0x00000006ec500000, 0x00000006ec500000| Untracked 
| 198|0x00000006ec600000, 0x00000006ec600000, 0x00000006ec700000|  0%| F|  |TAMS 0x00000006ec600000, 0x00000006ec600000| Untracked 
| 199|0x00000006ec700000, 0x00000006ec700000, 0x00000006ec800000|  0%| F|  |TAMS 0x00000006ec700000, 0x00000006ec700000| Untracked 
| 200|0x00000006ec800000, 0x00000006ec800000, 0x00000006ec900000|  0%| F|  |TAMS 0x00000006ec800000, 0x00000006ec800000| Untracked 
| 201|0x00000006ec900000, 0x00000006ec900000, 0x00000006eca00000|  0%| F|  |TAMS 0x00000006ec900000, 0x00000006ec900000| Untracked 
| 202|0x00000006eca00000, 0x00000006eca00000, 0x00000006ecb00000|  0%| F|  |TAMS 0x00000006eca00000, 0x00000006eca00000| Untracked 
| 203|0x00000006ecb00000, 0x00000006ecb00000, 0x00000006ecc00000|  0%| F|  |TAMS 0x00000006ecb00000, 0x00000006ecb00000| Untracked 
| 204|0x00000006ecc00000, 0x00000006ecc00000, 0x00000006ecd00000|  0%| F|  |TAMS 0x00000006ecc00000, 0x00000006ecc00000| Untracked 
| 205|0x00000006ecd00000, 0x00000006ecd00000, 0x00000006ece00000|  0%| F|  |TAMS 0x00000006ecd00000, 0x00000006ecd00000| Untracked 
| 206|0x00000006ece00000, 0x00000006ece00000, 0x00000006ecf00000|  0%| F|  |TAMS 0x00000006ece00000, 0x00000006ece00000| Untracked 
| 207|0x00000006ecf00000, 0x00000006ecf00000, 0x00000006ed000000|  0%| F|  |TAMS 0x00000006ecf00000, 0x00000006ecf00000| Untracked 
| 208|0x00000006ed000000, 0x00000006ed000000, 0x00000006ed100000|  0%| F|  |TAMS 0x00000006ed000000, 0x00000006ed000000| Untracked 
| 209|0x00000006ed100000, 0x00000006ed100000, 0x00000006ed200000|  0%| F|  |TAMS 0x00000006ed100000, 0x00000006ed100000| Untracked 
| 210|0x00000006ed200000, 0x00000006ed200000, 0x00000006ed300000|  0%| F|  |TAMS 0x00000006ed200000, 0x00000006ed200000| Untracked 
| 211|0x00000006ed300000, 0x00000006ed300000, 0x00000006ed400000|  0%| F|  |TAMS 0x00000006ed300000, 0x00000006ed300000| Untracked 
| 212|0x00000006ed400000, 0x00000006ed400000, 0x00000006ed500000|  0%| F|  |TAMS 0x00000006ed400000, 0x00000006ed400000| Untracked 
| 213|0x00000006ed500000, 0x00000006ed500000, 0x00000006ed600000|  0%| F|  |TAMS 0x00000006ed500000, 0x00000006ed500000| Untracked 
| 214|0x00000006ed600000, 0x00000006ed600000, 0x00000006ed700000|  0%| F|  |TAMS 0x00000006ed600000, 0x00000006ed600000| Untracked 
| 215|0x00000006ed700000, 0x00000006ed700000, 0x00000006ed800000|  0%| F|  |TAMS 0x00000006ed700000, 0x00000006ed700000| Untracked 
| 216|0x00000006ed800000, 0x00000006ed800000, 0x00000006ed900000|  0%| F|  |TAMS 0x00000006ed800000, 0x00000006ed800000| Untracked 
| 217|0x00000006ed900000, 0x00000006ed900000, 0x00000006eda00000|  0%| F|  |TAMS 0x00000006ed900000, 0x00000006ed900000| Untracked 
| 218|0x00000006eda00000, 0x00000006eda00000, 0x00000006edb00000|  0%| F|  |TAMS 0x00000006eda00000, 0x00000006eda00000| Untracked 
| 219|0x00000006edb00000, 0x00000006edb00000, 0x00000006edc00000|  0%| F|  |TAMS 0x00000006edb00000, 0x00000006edb00000| Untracked 
| 220|0x00000006edc00000, 0x00000006edc00000, 0x00000006edd00000|  0%| F|  |TAMS 0x00000006edc00000, 0x00000006edc00000| Untracked 
| 221|0x00000006edd00000, 0x00000006edd00000, 0x00000006ede00000|  0%| F|  |TAMS 0x00000006edd00000, 0x00000006edd00000| Untracked 
| 222|0x00000006ede00000, 0x00000006ede00000, 0x00000006edf00000|  0%| F|  |TAMS 0x00000006ede00000, 0x00000006ede00000| Untracked 
| 223|0x00000006edf00000, 0x00000006edf00000, 0x00000006ee000000|  0%| F|  |TAMS 0x00000006edf00000, 0x00000006edf00000| Untracked 
| 224|0x00000006ee000000, 0x00000006ee000000, 0x00000006ee100000|  0%| F|  |TAMS 0x00000006ee000000, 0x00000006ee000000| Untracked 
| 225|0x00000006ee100000, 0x00000006ee100000, 0x00000006ee200000|  0%| F|  |TAMS 0x00000006ee100000, 0x00000006ee100000| Untracked 
| 226|0x00000006ee200000, 0x00000006ee200000, 0x00000006ee300000|  0%| F|  |TAMS 0x00000006ee200000, 0x00000006ee200000| Untracked 
| 227|0x00000006ee300000, 0x00000006ee300000, 0x00000006ee400000|  0%| F|  |TAMS 0x00000006ee300000, 0x00000006ee300000| Untracked 
| 228|0x00000006ee400000, 0x00000006ee400000, 0x00000006ee500000|  0%| F|  |TAMS 0x00000006ee400000, 0x00000006ee400000| Untracked 
| 229|0x00000006ee500000, 0x00000006ee500000, 0x00000006ee600000|  0%| F|  |TAMS 0x00000006ee500000, 0x00000006ee500000| Untracked 
| 230|0x00000006ee600000, 0x00000006ee600000, 0x00000006ee700000|  0%| F|  |TAMS 0x00000006ee600000, 0x00000006ee600000| Untracked 
| 231|0x00000006ee700000, 0x00000006ee700000, 0x00000006ee800000|  0%| F|  |TAMS 0x00000006ee700000, 0x00000006ee700000| Untracked 
| 232|0x00000006ee800000, 0x00000006ee800000, 0x00000006ee900000|  0%| F|  |TAMS 0x00000006ee800000, 0x00000006ee800000| Untracked 
| 233|0x00000006ee900000, 0x00000006ee900000, 0x00000006eea00000|  0%| F|  |TAMS 0x00000006ee900000, 0x00000006ee900000| Untracked 
| 234|0x00000006eea00000, 0x00000006eea00000, 0x00000006eeb00000|  0%| F|  |TAMS 0x00000006eea00000, 0x00000006eea00000| Untracked 
| 235|0x00000006eeb00000, 0x00000006eeb00000, 0x00000006eec00000|  0%| F|  |TAMS 0x00000006eeb00000, 0x00000006eeb00000| Untracked 
| 236|0x00000006eec00000, 0x00000006eec00000, 0x00000006eed00000|  0%| F|  |TAMS 0x00000006eec00000, 0x00000006eec00000| Untracked 
| 237|0x00000006eed00000, 0x00000006eed00000, 0x00000006eee00000|  0%| F|  |TAMS 0x00000006eed00000, 0x00000006eed00000| Untracked 
| 238|0x00000006eee00000, 0x00000006eee00000, 0x00000006eef00000|  0%| F|  |TAMS 0x00000006eee00000, 0x00000006eee00000| Untracked 
| 239|0x00000006eef00000, 0x00000006eef00000, 0x00000006ef000000|  0%| F|  |TAMS 0x00000006eef00000, 0x00000006eef00000| Untracked 
| 240|0x00000006ef000000, 0x00000006ef000000, 0x00000006ef100000|  0%| F|  |TAMS 0x00000006ef000000, 0x00000006ef000000| Untracked 
| 241|0x00000006ef100000, 0x00000006ef100000, 0x00000006ef200000|  0%| F|  |TAMS 0x00000006ef100000, 0x00000006ef100000| Untracked 
| 242|0x00000006ef200000, 0x00000006ef300000, 0x00000006ef300000|100%| E|  |TAMS 0x00000006ef200000, 0x00000006ef200000| Complete 
| 243|0x00000006ef300000, 0x00000006ef400000, 0x00000006ef400000|100%| E|CS|TAMS 0x00000006ef300000, 0x00000006ef300000| Complete 
| 244|0x00000006ef400000, 0x00000006ef500000, 0x00000006ef500000|100%| E|CS|TAMS 0x00000006ef400000, 0x00000006ef400000| Complete 
| 245|0x00000006ef500000, 0x00000006ef600000, 0x00000006ef600000|100%| E|CS|TAMS 0x00000006ef500000, 0x00000006ef500000| Complete 
| 246|0x00000006ef600000, 0x00000006ef700000, 0x00000006ef700000|100%| E|CS|TAMS 0x00000006ef600000, 0x00000006ef600000| Complete 
| 247|0x00000006ef700000, 0x00000006ef800000, 0x00000006ef800000|100%| E|CS|TAMS 0x00000006ef700000, 0x00000006ef700000| Complete 
| 248|0x00000006ef800000, 0x00000006ef900000, 0x00000006ef900000|100%| E|CS|TAMS 0x00000006ef800000, 0x00000006ef800000| Complete 
| 249|0x00000006ef900000, 0x00000006efa00000, 0x00000006efa00000|100%| E|CS|TAMS 0x00000006ef900000, 0x00000006ef900000| Complete 
| 250|0x00000006efa00000, 0x00000006efb00000, 0x00000006efb00000|100%| E|CS|TAMS 0x00000006efa00000, 0x00000006efa00000| Complete 
| 251|0x00000006efb00000, 0x00000006efc00000, 0x00000006efc00000|100%| E|CS|TAMS 0x00000006efb00000, 0x00000006efb00000| Complete 
| 252|0x00000006efc00000, 0x00000006efd00000, 0x00000006efd00000|100%| E|CS|TAMS 0x00000006efc00000, 0x00000006efc00000| Complete 
| 253|0x00000006efd00000, 0x00000006efe00000, 0x00000006efe00000|100%| E|CS|TAMS 0x00000006efd00000, 0x00000006efd00000| Complete 

Card table byte_map: [0x00000261e1380000,0x00000261e1c80000] _byte_map_base: 0x00000261ddc80000

Marking Bits (Prev, Next): (CMBitMap*) 0x00000261c904e340, (CMBitMap*) 0x00000261c904e308
 Prev Bits: [0x00000261e6d80000, 0x00000261eb580000)
 Next Bits: [0x00000261e2580000, 0x00000261e6d80000)

Polling page: 0x00000261c6ff0000

Metaspace:

Usage:
  Non-class:     62.36 MB capacity,    61.01 MB ( 98%) used,     1.17 MB (  2%) free+waste,   193.19 KB ( <1%) overhead. 
      Class:      9.75 MB capacity,     8.98 MB ( 92%) used,   691.37 KB (  7%) free+waste,    92.13 KB ( <1%) overhead. 
       Both:     72.11 MB capacity,    69.99 MB ( 97%) used,     1.84 MB (  3%) free+waste,   285.31 KB ( <1%) overhead. 

Virtual space:
  Non-class space:       64.00 MB reserved,      62.42 MB ( 98%) committed 
      Class space:        1.00 GB reserved,       9.75 MB ( <1%) committed 
             Both:        1.06 GB reserved,      72.17 MB (  7%) committed 

Chunk freelists:
   Non-Class:  61.00 KB
       Class:  3.00 KB
        Both:  64.00 KB

MaxMetaspaceSize: 17179869184.00 GB
CompressedClassSpaceSize: 1.00 GB
Initial GC threshold: 20.80 MB
Current GC threshold: 98.00 MB
CDS: off

CodeHeap 'non-profiled nmethods': size=120000Kb used=5063Kb max_used=5063Kb free=114937Kb
 bounds [0x00000261d9220000, 0x00000261d9720000, 0x00000261e0750000]
CodeHeap 'profiled nmethods': size=120000Kb used=16313Kb max_used=16313Kb free=103686Kb
 bounds [0x00000261d1cf0000, 0x00000261d2ce0000, 0x00000261d9220000]
CodeHeap 'non-nmethods': size=5760Kb used=2342Kb max_used=2393Kb free=3417Kb
 bounds [0x00000261d1750000, 0x00000261d19c0000, 0x00000261d1cf0000]
 total_blobs=8210 nmethods=7360 adapters=762
 compilation: enabled
              stopped_count=0, restarted_count=0
 full_count=0

Compilation events (20 events):
Event: 42.094 Thread 0x00000261eea4c800 7334       3       groovy.lang.MetaClassImpl::handleMatches (57 bytes)
Event: 42.095 Thread 0x00000261eea4c800 nmethod 7334 0x00000261d2cbdc90 code [0x00000261d2cbdea0, 0x00000261d2cbe438]
Event: 42.101 Thread 0x00000261eea4c800 7335       3       org.codehaus.groovy.runtime.metaclass.MetaMethodIndex::copyNonPrivateNonNewMetaMethods (24 bytes)
Event: 42.102 Thread 0x00000261eea4c800 nmethod 7335 0x00000261d2cbe690 code [0x00000261d2cbe860, 0x00000261d2cbea88]
Event: 42.109 Thread 0x00000261eea4c800 7337       3       org.codehaus.groovy.classgen.asm.BytecodeHelper::doCast (58 bytes)
Event: 42.110 Thread 0x00000261eea4c800 nmethod 7337 0x00000261d2cbec10 code [0x00000261d2cbeee0, 0x00000261d2cbfa78]
Event: 42.110 Thread 0x00000261eea4c800 7338       3       org.gradle.internal.metaobject.BeanDynamicObject::determineDelegate (78 bytes)
Event: 42.110 Thread 0x00000261eea4c800 nmethod 7338 0x00000261d2cbfe90 code [0x00000261d2cc0180, 0x00000261d2cc1808]
Event: 42.110 Thread 0x00000261eea4c800 7339       3       org.gradle.internal.metaobject.BeanDynamicObject$MetaClassAdapter::<init> (6 bytes)
Event: 42.111 Thread 0x00000261eea4c800 nmethod 7339 0x00000261d2cc1c10 code [0x00000261d2cc1dc0, 0x00000261d2cc1fd8]
Event: 42.111 Thread 0x00000261eea4c800 7340       3       org.gradle.internal.metaobject.BeanDynamicObject$MetaClassAdapter::<init> (10 bytes)
Event: 42.111 Thread 0x00000261eea4c800 nmethod 7340 0x00000261d2cc2110 code [0x00000261d2cc22c0, 0x00000261d2cc2478]
Event: 42.111 Thread 0x00000261eea4c800 7341       3       groovyjarjarasm.asm.Handler::getExceptionTableSize (10 bytes)
Event: 42.111 Thread 0x00000261eea4c800 nmethod 7341 0x00000261d2cc2590 code [0x00000261d2cc2740, 0x00000261d2cc2938]
Event: 42.111 Thread 0x00000261eea4c800 7342       3       groovyjarjarasm.asm.ByteVector::putByteArray (49 bytes)
Event: 42.111 Thread 0x00000261eea4c800 nmethod 7342 0x00000261d2cc2a90 code [0x00000261d2cc2c60, 0x00000261d2cc2f38]
Event: 42.112 Thread 0x00000261eea4c800 7343       3       org.codehaus.groovy.runtime.metaclass.MetaMethodIndex::copyNonPrivateNonNewMetaMethods (171 bytes)
Event: 42.113 Thread 0x00000261eea4c800 nmethod 7343 0x00000261d2cc3090 code [0x00000261d2cc3320, 0x00000261d2cc42b8]
Event: 42.115 Thread 0x00000261eea4c800 7344       3       java.util.jar.JarFile::entries (16 bytes)
Event: 42.116 Thread 0x00000261eea4c800 nmethod 7344 0x00000261d2cc4690 code [0x00000261d2cc48a0, 0x00000261d2cc4e08]

GC Heap History (20 events):
Event: 0.641 GC heap before
{Heap before GC invocations=0 (full 0):
 garbage-first heap   total 260096K, used 29696K [0x00000006e0000000, 0x0000000800000000)
  region size 1024K, 24 young (24576K), 0 survivors (0K)
 Metaspace       used 10226K, capacity 10504K, committed 10624K, reserved 1058816K
  class space    used 1046K, capacity 1140K, committed 1152K, reserved 1048576K
}
Event: 0.646 GC heap after
{Heap after GC invocations=1 (full 0):
 garbage-first heap   total 260096K, used 9517K [0x00000006e0000000, 0x0000000800000000)
  region size 1024K, 3 young (3072K), 3 survivors (3072K)
 Metaspace       used 10226K, capacity 10504K, committed 10624K, reserved 1058816K
  class space    used 1046K, capacity 1140K, committed 1152K, reserved 1048576K
}
Event: 5.601 GC heap before
{Heap before GC invocations=1 (full 0):
 garbage-first heap   total 260096K, used 96557K [0x00000006e0000000, 0x0000000800000000)
  region size 1024K, 89 young (91136K), 3 survivors (3072K)
 Metaspace       used 20743K, capacity 21148K, committed 21296K, reserved 1069056K
  class space    used 2469K, capacity 2627K, committed 2688K, reserved 1048576K
}
Event: 5.612 GC heap after
{Heap after GC invocations=2 (full 0):
 garbage-first heap   total 260096K, used 17371K [0x00000006e0000000, 0x0000000800000000)
  region size 1024K, 11 young (11264K), 11 survivors (11264K)
 Metaspace       used 20743K, capacity 21148K, committed 21296K, reserved 1069056K
  class space    used 2469K, capacity 2627K, committed 2688K, reserved 1048576K
}
Event: 5.815 GC heap before
{Heap before GC invocations=3 (full 0):
 garbage-first heap   total 260096K, used 39899K [0x00000006e0000000, 0x0000000800000000)
  region size 1024K, 33 young (33792K), 11 survivors (11264K)
 Metaspace       used 22692K, capacity 23245K, committed 23472K, reserved 1069056K
  class space    used 2817K, capacity 3013K, committed 3072K, reserved 1048576K
}
Event: 5.823 GC heap after
{Heap after GC invocations=4 (full 0):
 garbage-first heap   total 260096K, used 18011K [0x00000006e0000000, 0x0000000800000000)
  region size 1024K, 2 young (2048K), 2 survivors (2048K)
 Metaspace       used 22692K, capacity 23245K, committed 23472K, reserved 1069056K
  class space    used 2817K, capacity 3013K, committed 3072K, reserved 1048576K
}
Event: 6.957 GC heap before
{Heap before GC invocations=4 (full 0):
 garbage-first heap   total 260096K, used 108123K [0x00000006e0000000, 0x0000000800000000)
  region size 1024K, 90 young (92160K), 2 survivors (2048K)
 Metaspace       used 34930K, capacity 35734K, committed 35888K, reserved 1081344K
  class space    used 4443K, capacity 4734K, committed 4736K, reserved 1048576K
}
Event: 6.962 GC heap after
{Heap after GC invocations=5 (full 0):
 garbage-first heap   total 260096K, used 22492K [0x00000006e0000000, 0x0000000800000000)
  region size 1024K, 6 young (6144K), 6 survivors (6144K)
 Metaspace       used 34930K, capacity 35734K, committed 35888K, reserved 1081344K
  class space    used 4443K, capacity 4734K, committed 4736K, reserved 1048576K
}
Event: 6.965 GC heap before
{Heap before GC invocations=5 (full 0):
 garbage-first heap   total 260096K, used 22492K [0x00000006e0000000, 0x0000000800000000)
  region size 1024K, 7 young (7168K), 6 survivors (6144K)
 Metaspace       used 34968K, capacity 35734K, committed 35888K, reserved 1081344K
  class space    used 4451K, capacity 4734K, committed 4736K, reserved 1048576K
}
Event: 6.973 GC heap after
{Heap after GC invocations=6 (full 0):
 garbage-first heap   total 260096K, used 22678K [0x00000006e0000000, 0x0000000800000000)
  region size 1024K, 6 young (6144K), 6 survivors (6144K)
 Metaspace       used 34968K, capacity 35734K, committed 35888K, reserved 1081344K
  class space    used 4451K, capacity 4734K, committed 4736K, reserved 1048576K
}
Event: 20.383 GC heap before
{Heap before GC invocations=7 (full 0):
 garbage-first heap   total 260096K, used 143510K [0x00000006e0000000, 0x0000000800000000)
  region size 1024K, 121 young (123904K), 6 survivors (6144K)
 Metaspace       used 43657K, capacity 44840K, committed 44976K, reserved 1089536K
  class space    used 5442K, capacity 5880K, committed 5888K, reserved 1048576K
}
Event: 20.405 GC heap after
{Heap after GC invocations=8 (full 0):
 garbage-first heap   total 260096K, used 31567K [0x00000006e0000000, 0x0000000800000000)
  region size 1024K, 15 young (15360K), 15 survivors (15360K)
 Metaspace       used 43657K, capacity 44840K, committed 44976K, reserved 1089536K
  class space    used 5442K, capacity 5880K, committed 5888K, reserved 1048576K
}
Event: 23.963 GC heap before
{Heap before GC invocations=8 (full 0):
 garbage-first heap   total 260096K, used 160591K [0x00000006e0000000, 0x0000000800000000)
  region size 1024K, 135 young (138240K), 15 survivors (15360K)
 Metaspace       used 50746K, capacity 52284K, committed 52528K, reserved 1095680K
  class space    used 6328K, capacity 6921K, committed 7040K, reserved 1048576K
}
Event: 23.984 GC heap after
{Heap after GC invocations=9 (full 0):
 garbage-first heap   total 260096K, used 49488K [0x00000006e0000000, 0x0000000800000000)
  region size 1024K, 17 young (17408K), 17 survivors (17408K)
 Metaspace       used 50746K, capacity 52284K, committed 52528K, reserved 1095680K
  class space    used 6328K, capacity 6921K, committed 7040K, reserved 1048576K
}
Event: 25.076 GC heap before
{Heap before GC invocations=9 (full 0):
 garbage-first heap   total 260096K, used 99664K [0x00000006e0000000, 0x0000000800000000)
  region size 1024K, 67 young (68608K), 17 survivors (17408K)
 Metaspace       used 58037K, capacity 59805K, committed 59952K, reserved 1101824K
  class space    used 7254K, capacity 7957K, committed 8064K, reserved 1048576K
}
Event: 25.097 GC heap after
{Heap after GC invocations=10 (full 0):
 garbage-first heap   total 260096K, used 53094K [0x00000006e0000000, 0x0000000800000000)
  region size 1024K, 3 young (3072K), 3 survivors (3072K)
 Metaspace       used 58037K, capacity 59805K, committed 59952K, reserved 1101824K
  class space    used 7254K, capacity 7957K, committed 8064K, reserved 1048576K
}
Event: 27.105 GC heap before
{Heap before GC invocations=11 (full 0):
 garbage-first heap   total 260096K, used 152422K [0x00000006e0000000, 0x0000000800000000)
  region size 1024K, 100 young (102400K), 3 survivors (3072K)
 Metaspace       used 64291K, capacity 66246K, committed 66352K, reserved 1107968K
  class space    used 8030K, capacity 8749K, committed 8832K, reserved 1048576K
}
Event: 27.123 GC heap after
{Heap after GC invocations=12 (full 0):
 garbage-first heap   total 260096K, used 61638K [0x00000006e0000000, 0x0000000800000000)
  region size 1024K, 12 young (12288K), 12 survivors (12288K)
 Metaspace       used 64291K, capacity 66246K, committed 66352K, reserved 1107968K
  class space    used 8030K, capacity 8749K, committed 8832K, reserved 1048576K
}
Event: 42.077 GC heap before
{Heap before GC invocations=12 (full 0):
 garbage-first heap   total 260096K, used 161990K [0x00000006e0000000, 0x0000000800000000)
  region size 1024K, 111 young (113664K), 12 survivors (12288K)
 Metaspace       used 71442K, capacity 73497K, committed 73648K, reserved 1114112K
  class space    used 9162K, capacity 9937K, committed 9984K, reserved 1048576K
}
Event: 42.093 GC heap after
{Heap after GC invocations=13 (full 0):
 garbage-first heap   total 260096K, used 69761K [0x00000006e0000000, 0x0000000800000000)
  region size 1024K, 9 young (9216K), 9 survivors (9216K)
 Metaspace       used 71442K, capacity 73497K, committed 73648K, reserved 1114112K
  class space    used 9162K, capacity 9937K, committed 9984K, reserved 1048576K
}

Deoptimization events (20 events):
Event: 41.922 Thread 0x00000261f0c01800 DEOPT PACKING pc=0x00000261d94b8db0 sp=0x000000a6792f5ab0
Event: 41.922 Thread 0x00000261f0c01800 DEOPT UNPACKING pc=0x00000261d179a1af sp=0x000000a6792f5a98 mode 2
Event: 41.922 Thread 0x00000261f0c01800 Uncommon trap: trap_request=0xffffff4d fr.pc=0x00000261d94c82a0 relative=0x0000000000001940
Event: 41.922 Thread 0x00000261f0c01800 Uncommon trap: reason=unstable_if action=reinterpret pc=0x00000261d94c82a0 method=java.io.WinNTFileSystem.normalize(Ljava/lang/String;II)Ljava/lang/String; @ 100 c2
Event: 41.922 Thread 0x00000261f0c01800 DEOPT PACKING pc=0x00000261d94c82a0 sp=0x000000a6792f59f0
Event: 41.922 Thread 0x00000261f0c01800 DEOPT UNPACKING pc=0x00000261d179a1af sp=0x000000a6792f59f8 mode 2
Event: 42.061 Thread 0x00000261f0c01800 DEOPT PACKING pc=0x00000261d2831afc sp=0x000000a6792f7bf0
Event: 42.061 Thread 0x00000261f0c01800 DEOPT UNPACKING pc=0x00000261d179a95e sp=0x000000a6792f7148 mode 0
Event: 42.061 Thread 0x00000261f0c01800 DEOPT PACKING pc=0x00000261d2b9e01c sp=0x000000a6792f7da0
Event: 42.061 Thread 0x00000261f0c01800 DEOPT UNPACKING pc=0x00000261d179a95e sp=0x000000a6792f7218 mode 0
Event: 42.069 Thread 0x00000261f0c01800 DEOPT PACKING pc=0x00000261d2831afc sp=0x000000a6792f9440
Event: 42.069 Thread 0x00000261f0c01800 DEOPT UNPACKING pc=0x00000261d179a95e sp=0x000000a6792f8998 mode 0
Event: 42.069 Thread 0x00000261f0c01800 DEOPT PACKING pc=0x00000261d2b9e01c sp=0x000000a6792f95f0
Event: 42.069 Thread 0x00000261f0c01800 DEOPT UNPACKING pc=0x00000261d179a95e sp=0x000000a6792f8a68 mode 0
Event: 42.069 Thread 0x00000261f0c01800 DEOPT PACKING pc=0x00000261d2b9e01c sp=0x000000a6792fa900
Event: 42.069 Thread 0x00000261f0c01800 DEOPT UNPACKING pc=0x00000261d179a95e sp=0x000000a6792f9d78 mode 0
Event: 42.101 Thread 0x00000261f0c01800 Uncommon trap: trap_request=0xffffff4d fr.pc=0x00000261d962b894 relative=0x0000000000000494
Event: 42.101 Thread 0x00000261f0c01800 Uncommon trap: reason=unstable_if action=reinterpret pc=0x00000261d962b894 method=org.codehaus.groovy.runtime.metaclass.MetaMethodIndex.copyNonPrivateNonNewMetaMethods(Lorg/codehaus/groovy/runtime/metaclass/MetaMethodIndex$Entry;Lorg/codehaus/groovy/runti
Event: 42.101 Thread 0x00000261f0c01800 DEOPT PACKING pc=0x00000261d962b894 sp=0x000000a6792f67e0
Event: 42.101 Thread 0x00000261f0c01800 DEOPT UNPACKING pc=0x00000261d179a1af sp=0x000000a6792f6798 mode 2

Classes redefined (0 events):
No events

Internal exceptions (20 events):
Event: 42.044 Thread 0x00000261f0c01800 Exception <a 'java/lang/ClassNotFoundException'{0x00000006e9e7b4f8}: com/android/build/gradle/internal/tasks/NewIncrementalTaskCustomizer> (0x00000006e9e7b4f8) thrown at [s\src\hotspot\share\classfile\systemDictionary.cpp, line 230]
Event: 42.045 Thread 0x00000261f0c01800 Exception <a 'java/lang/ClassNotFoundException'{0x00000006e9ea34e8}: com/android/build/gradle/tasks/PackageAndroidArtifactCustomizer> (0x00000006e9ea34e8) thrown at [s\src\hotspot\share\classfile\systemDictionary.cpp, line 230]
Event: 42.047 Thread 0x00000261f0c01800 Exception <a 'java/lang/ClassNotFoundException'{0x00000006e9d03d48}: com/android/build/gradle/tasks/PackageApplicationCustomizer> (0x00000006e9d03d48) thrown at [s\src\hotspot\share\classfile\systemDictionary.cpp, line 230]
Event: 42.048 Thread 0x00000261f0c01800 Exception <a 'java/lang/ClassNotFoundException'{0x00000006e9d3a5d8}: com/android/build/gradle/tasks/PackageApplication_DecoratedCustomizer> (0x00000006e9d3a5d8) thrown at [s\src\hotspot\share\classfile\systemDictionary.cpp, line 230]
Event: 42.053 Thread 0x00000261f0c01800 Exception <a 'java/lang/ClassNotFoundException'{0x00000006e9c20910}: com/android/build/gradle/internal/tasks/PerModuleBundleTask_DecoratedBeanInfo> (0x00000006e9c20910) thrown at [s\src\hotspot\share\classfile\systemDictionary.cpp, line 230]
Event: 42.054 Thread 0x00000261f0c01800 Exception <a 'java/lang/ClassNotFoundException'{0x00000006e9c3be58}: com/android/build/gradle/internal/tasks/PerModuleBundleTaskBeanInfo> (0x00000006e9c3be58) thrown at [s\src\hotspot\share\classfile\systemDictionary.cpp, line 230]
Event: 42.055 Thread 0x00000261f0c01800 Exception <a 'java/lang/ClassNotFoundException'{0x00000006e9c56bc0}: com/android/build/gradle/internal/tasks/NonIncrementalTaskBeanInfo> (0x00000006e9c56bc0) thrown at [s\src\hotspot\share\classfile\systemDictionary.cpp, line 230]
Event: 42.055 Thread 0x00000261f0c01800 Exception <a 'java/lang/ClassNotFoundException'{0x00000006e9c720d8}: com/android/build/gradle/internal/tasks/NonIncrementalTaskCustomizer> (0x00000006e9c720d8) thrown at [s\src\hotspot\share\classfile\systemDictionary.cpp, line 230]
Event: 42.056 Thread 0x00000261f0c01800 Exception <a 'java/lang/ClassNotFoundException'{0x00000006e9c9bc80}: com/android/build/gradle/internal/tasks/PerModuleBundleTaskCustomizer> (0x00000006e9c9bc80) thrown at [s\src\hotspot\share\classfile\systemDictionary.cpp, line 230]
Event: 42.057 Thread 0x00000261f0c01800 Exception <a 'java/lang/ClassNotFoundException'{0x00000006e9cd7ca8}: com/android/build/gradle/internal/tasks/PerModuleBundleTask_DecoratedCustomizer> (0x00000006e9cd7ca8) thrown at [s\src\hotspot\share\classfile\systemDictionary.cpp, line 230]
Event: 42.073 Thread 0x00000261f0c01800 Exception <a 'java/lang/ClassNotFoundException'{0x00000006e9bb6a18}: com/google/android/gms/dependencies/DependencyAnalyzerBeanInfo> (0x00000006e9bb6a18) thrown at [s\src\hotspot\share\classfile\systemDictionary.cpp, line 230]
Event: 42.074 Thread 0x00000261f0c01800 Exception <a 'java/lang/ClassNotFoundException'{0x00000006e9bcf9d0}: com/google/android/gms/dependencies/DependencyAnalyzerCustomizer> (0x00000006e9bcf9d0) thrown at [s\src\hotspot\share\classfile\systemDictionary.cpp, line 230]
Event: 42.095 Thread 0x00000261f0c01800 Exception <a 'java/lang/ClassNotFoundException'{0x00000006efd48b68}: com/google/android/gms/dependencies/DependencyInspectorBeanInfo> (0x00000006efd48b68) thrown at [s\src\hotspot\share\classfile\systemDictionary.cpp, line 230]
Event: 42.096 Thread 0x00000261f0c01800 Exception <a 'java/lang/ClassNotFoundException'{0x00000006efd61ba0}: com/google/android/gms/dependencies/DependencyInspectorCustomizer> (0x00000006efd61ba0) thrown at [s\src\hotspot\share\classfile\systemDictionary.cpp, line 230]
Event: 42.102 Thread 0x00000261f0c01800 Exception <a 'java/lang/ClassNotFoundException'{0x00000006efba9e20}: org/gradle/api/internal/artifacts/configurations/DefaultConfiguration_DecoratedBeanInfo> (0x00000006efba9e20) thrown at [s\src\hotspot\share\classfile\systemDictionary.cpp, line 230]
Event: 42.103 Thread 0x00000261f0c01800 Exception <a 'java/lang/ClassNotFoundException'{0x00000006efbd3920}: org/gradle/api/internal/artifacts/configurations/DefaultConfigurationBeanInfo> (0x00000006efbd3920) thrown at [s\src\hotspot\share\classfile\systemDictionary.cpp, line 230]
Event: 42.103 Thread 0x00000261f0c01800 Exception <a 'java/lang/ClassNotFoundException'{0x00000006efbfd810}: org/gradle/api/internal/artifacts/configurations/DefaultConfigurationCustomizer> (0x00000006efbfd810) thrown at [s\src\hotspot\share\classfile\systemDictionary.cpp, line 230]
Event: 42.106 Thread 0x00000261f0c01800 Exception <a 'java/lang/ClassNotFoundException'{0x00000006efa887d0}: org/gradle/api/internal/artifacts/configurations/DefaultConfiguration_DecoratedCustomizer> (0x00000006efa887d0) thrown at [s\src\hotspot\share\classfile\systemDictionary.cpp, line 230]
Event: 42.114 Thread 0x00000261f0c01800 Exception <a 'java/lang/ClassNotFoundException'{0x00000006ef7042b0}: org/codehaus/groovy/runtime/MethodClosureBeanInfo> (0x00000006ef7042b0) thrown at [s\src\hotspot\share\classfile\systemDictionary.cpp, line 230]
Event: 42.116 Thread 0x00000261f0c01800 Exception <a 'java/lang/ClassNotFoundException'{0x00000006ef6dc680}: org/codehaus/groovy/runtime/MethodClosureCustomizer> (0x00000006ef6dc680) thrown at [s\src\hotspot\share\classfile\systemDictionary.cpp, line 230]

Events (20 events):
Event: 42.106 loading class org/gradle/api/internal/artifacts/configurations/DefaultConfiguration_DecoratedCustomizer
Event: 42.106 loading class org/gradle/api/internal/artifacts/configurations/DefaultConfiguration_DecoratedCustomizer done
Event: 42.106 loading class org/gradle/api/internal/artifacts/configurations/DefaultConfiguration_DecoratedCustomizer
Event: 42.106 loading class org/gradle/api/internal/artifacts/configurations/DefaultConfiguration_DecoratedCustomizer done
Event: 42.111 loading class groovy/runtime/metaclass/org/codehaus/groovy/runtime/MethodClosureMetaClass
Event: 42.111 loading class groovy/runtime/metaclass/org/codehaus/groovy/runtime/MethodClosureMetaClass done
Event: 42.112 loading class org/codehaus/groovy/runtime/MethodClosureBeanInfo
Event: 42.112 loading class org/codehaus/groovy/runtime/MethodClosureBeanInfo done
Event: 42.113 loading class org/codehaus/groovy/runtime/MethodClosureBeanInfo
Event: 42.113 loading class org/codehaus/groovy/runtime/MethodClosureBeanInfo done
Event: 42.114 loading class org/codehaus/groovy/runtime/MethodClosureBeanInfo
Event: 42.114 loading class org/codehaus/groovy/runtime/MethodClosureBeanInfo done
Event: 42.114 loading class org/codehaus/groovy/runtime/MethodClosureCustomizer
Event: 42.114 loading class org/codehaus/groovy/runtime/MethodClosureCustomizer done
Event: 42.115 loading class org/codehaus/groovy/runtime/MethodClosureCustomizer
Event: 42.115 loading class org/codehaus/groovy/runtime/MethodClosureCustomizer done
Event: 42.116 loading class org/codehaus/groovy/runtime/MethodClosureCustomizer
Event: 42.116 loading class org/codehaus/groovy/runtime/MethodClosureCustomizer done
Event: 42.116 loading class groovy/runtime/metaclass/org/gradle/api/internal/artifacts/configurations/DefaultConfiguration$ConfigurationResolvableDependencies_DecoratedMetaClass
Event: 42.116 loading class groovy/runtime/metaclass/org/gradle/api/internal/artifacts/configurations/DefaultConfiguration$ConfigurationResolvableDependencies_DecoratedMetaClass done


Dynamic libraries:
0x00007ff7c54c0000 - 0x00007ff7c54cd000 	C:\Program Files\Microsoft\jdk-11.0.20.8-hotspot\bin\java.exe
0x00007ffbc1c10000 - 0x00007ffbc1e24000 	C:\Windows\SYSTEM32\ntdll.dll
0x00007ffbc0880000 - 0x00007ffbc0944000 	C:\Windows\System32\KERNEL32.DLL
0x00007ffbbf620000 - 0x00007ffbbf9c4000 	C:\Windows\System32\KERNELBASE.dll
0x00007ffbbf500000 - 0x00007ffbbf611000 	C:\Windows\System32\ucrtbase.dll
0x00007ffba8f20000 - 0x00007ffba8f35000 	C:\Program Files\Microsoft\jdk-11.0.20.8-hotspot\bin\VCRUNTIME140.dll
0x00007ffba9010000 - 0x00007ffba9027000 	C:\Program Files\Microsoft\jdk-11.0.20.8-hotspot\bin\jli.dll
0x00007ffbbfa50000 - 0x00007ffbbfbfa000 	C:\Windows\System32\USER32.dll
0x00007ffbbf0b0000 - 0x00007ffbbf0d6000 	C:\Windows\System32\win32u.dll
0x00007ffbc12b0000 - 0x00007ffbc12d9000 	C:\Windows\System32\GDI32.dll
0x00007ffba65a0000 - 0x00007ffba682f000 	C:\Windows\WinSxS\amd64_microsoft.windows.common-controls_6595b64144ccf1df_6.0.22621.2070_none_2713e6537381f706\COMCTL32.dll
0x00007ffbbf0e0000 - 0x00007ffbbf1f9000 	C:\Windows\System32\gdi32full.dll
0x00007ffbbfc00000 - 0x00007ffbbfca7000 	C:\Windows\System32\msvcrt.dll
0x00007ffbbf270000 - 0x00007ffbbf30a000 	C:\Windows\System32\msvcp_win.dll
0x00007ffbc0a50000 - 0x00007ffbc0a81000 	C:\Windows\System32\IMM32.DLL
0x00007ffb525f0000 - 0x00007ffb5268b000 	C:\Program Files\Microsoft\jdk-11.0.20.8-hotspot\bin\msvcp140.dll
0x00007ffb51a50000 - 0x00007ffb525e6000 	C:\Program Files\Microsoft\jdk-11.0.20.8-hotspot\bin\server\jvm.dll
0x00007ffbc0690000 - 0x00007ffbc0740000 	C:\Windows\System32\ADVAPI32.dll
0x00007ffbc0300000 - 0x00007ffbc03a6000 	C:\Windows\System32\sechost.dll
0x00007ffbc0500000 - 0x00007ffbc0617000 	C:\Windows\System32\RPCRT4.dll
0x00007ffbc0870000 - 0x00007ffbc0878000 	C:\Windows\System32\PSAPI.DLL
0x00007ffbb66e0000 - 0x00007ffbb6714000 	C:\Windows\SYSTEM32\WINMM.dll
0x00007ffbb3f60000 - 0x00007ffbb3f6a000 	C:\Windows\SYSTEM32\VERSION.dll
0x00007ffb9c510000 - 0x00007ffb9c519000 	C:\Windows\SYSTEM32\WSOCK32.dll
0x00007ffbc12e0000 - 0x00007ffbc1351000 	C:\Windows\System32\WS2_32.dll
0x00007ffbbe0d0000 - 0x00007ffbbe0e8000 	C:\Windows\SYSTEM32\kernel.appcore.dll
0x00007ffba63f0000 - 0x00007ffba6400000 	C:\Program Files\Microsoft\jdk-11.0.20.8-hotspot\bin\verify.dll
0x00007ffbbc470000 - 0x00007ffbbc69e000 	C:\Windows\SYSTEM32\DBGHELP.DLL
0x00007ffbc17e0000 - 0x00007ffbc1b6a000 	C:\Windows\System32\combase.dll
0x00007ffbbff50000 - 0x00007ffbc0027000 	C:\Windows\System32\OLEAUT32.dll
0x00007ffb970c0000 - 0x00007ffb970f2000 	C:\Windows\SYSTEM32\dbgcore.DLL
0x00007ffbbf480000 - 0x00007ffbbf4fa000 	C:\Windows\System32\bcryptPrimitives.dll
0x00007ffb7aab0000 - 0x00007ffb7aad8000 	C:\Program Files\Microsoft\jdk-11.0.20.8-hotspot\bin\java.dll
0x00007ffba20a0000 - 0x00007ffba20aa000 	C:\Program Files\Microsoft\jdk-11.0.20.8-hotspot\bin\jimage.dll
0x00007ffb56af0000 - 0x00007ffb56b08000 	C:\Program Files\Microsoft\jdk-11.0.20.8-hotspot\bin\zip.dll
0x00007ffbc0a90000 - 0x00007ffbc12a6000 	C:\Windows\System32\SHELL32.dll
0x00007ffbbcf90000 - 0x00007ffbbd87a000 	C:\Windows\SYSTEM32\windows.storage.dll
0x00007ffbbce50000 - 0x00007ffbbcf8e000 	C:\Windows\SYSTEM32\wintypes.dll
0x00007ffbbfe50000 - 0x00007ffbbff43000 	C:\Windows\System32\SHCORE.dll
0x00007ffbc0050000 - 0x00007ffbc00ae000 	C:\Windows\System32\shlwapi.dll
0x00007ffbbef20000 - 0x00007ffbbef46000 	C:\Windows\SYSTEM32\profapi.dll
0x00007ffb56ad0000 - 0x00007ffb56ae9000 	C:\Program Files\Microsoft\jdk-11.0.20.8-hotspot\bin\net.dll
0x00007ffbbb5e0000 - 0x00007ffbbb717000 	C:\Windows\SYSTEM32\WINHTTP.dll
0x00007ffbbe5a0000 - 0x00007ffbbe609000 	C:\Windows\system32\mswsock.dll
0x00007ffb528e0000 - 0x00007ffb528f3000 	C:\Program Files\Microsoft\jdk-11.0.20.8-hotspot\bin\nio.dll
0x00007ffbb43c0000 - 0x00007ffbb43e7000 	C:\Users\Lenovo\.gradle\native\e1d6ef7f7dcc3fd88c89a11ec53ec762bb8ba0a96d01ffa2cd45eb1d1d8dd5c5\windows-amd64\native-platform.dll
0x00007ffb98500000 - 0x00007ffb98644000 	C:\Users\Lenovo\.gradle\native\5664cfc778a61ccfe75a443a1ab52a65af34e5dc3c78e0209fed803814484fcb\windows-amd64\native-platform-file-events.dll
0x00007ffb979c0000 - 0x00007ffb979c9000 	C:\Program Files\Microsoft\jdk-11.0.20.8-hotspot\bin\management.dll
0x00007ffbb8c80000 - 0x00007ffbb8c8b000 	C:\Program Files\Microsoft\jdk-11.0.20.8-hotspot\bin\management_ext.dll
0x00007ffbbe7f0000 - 0x00007ffbbe80b000 	C:\Windows\SYSTEM32\CRYPTSP.dll
0x00007ffbbe090000 - 0x00007ffbbe0c5000 	C:\Windows\system32\rsaenh.dll
0x00007ffbbe690000 - 0x00007ffbbe6bc000 	C:\Windows\SYSTEM32\USERENV.dll
0x00007ffbbe9b0000 - 0x00007ffbbe9d8000 	C:\Windows\SYSTEM32\bcrypt.dll
0x00007ffbbe810000 - 0x00007ffbbe81c000 	C:\Windows\SYSTEM32\CRYPTBASE.dll
0x00007ffbbdad0000 - 0x00007ffbbdafd000 	C:\Windows\SYSTEM32\IPHLPAPI.DLL
0x00007ffbc0030000 - 0x00007ffbc0039000 	C:\Windows\System32\NSI.dll
0x00007ffbb75a0000 - 0x00007ffbb75b9000 	C:\Windows\SYSTEM32\dhcpcsvc6.DLL
0x00007ffbb7450000 - 0x00007ffbb746f000 	C:\Windows\SYSTEM32\dhcpcsvc.DLL
0x00007ffbbdb00000 - 0x00007ffbbdbf3000 	C:\Windows\SYSTEM32\DNSAPI.dll

dbghelp: loaded successfully - version: 4.0.5 - missing functions: none
symbol engine: initialized successfully - sym options: 0x614 - pdb path: .;C:\Program Files\Microsoft\jdk-11.0.20.8-hotspot\bin;C:\Windows\SYSTEM32;C:\Windows\WinSxS\amd64_microsoft.windows.common-controls_6595b64144ccf1df_6.0.22621.2070_none_2713e6537381f706;C:\Program Files\Microsoft\jdk-11.0.20.8-hotspot\bin\server;C:\Users\Lenovo\.gradle\native\e1d6ef7f7dcc3fd88c89a11ec53ec762bb8ba0a96d01ffa2cd45eb1d1d8dd5c5\windows-amd64;C:\Users\Lenovo\.gradle\native\5664cfc778a61ccfe75a443a1ab52a65af34e5dc3c78e0209fed803814484fcb\windows-amd64

VM Arguments:
jvm_args: --add-opens=java.base/java.util=ALL-UNNAMED --add-opens=java.base/java.lang=ALL-UNNAMED --add-opens=java.base/java.lang.invoke=ALL-UNNAMED --add-opens=java.base/java.util=ALL-UNNAMED --add-opens=java.prefs/java.util.prefs=ALL-UNNAMED --add-opens=java.prefs/java.util.prefs=ALL-UNNAMED --add-opens=java.base/java.nio.charset=ALL-UNNAMED --add-opens=java.base/java.net=ALL-UNNAMED --add-opens=java.base/java.util.concurrent.atomic=ALL-UNNAMED -Xmx4608m -Dfile.encoding=windows-1252 -Duser.country=IN -Duser.language=en -Duser.variant 
java_command: org.gradle.launcher.daemon.bootstrap.GradleDaemon 7.2
java_class_path (initial): C:\Users\Lenovo\.gradle\wrapper\dists\gradle-7.2-bin\2dnblmf4td7x66yl1d74lt32g\gradle-7.2\lib\gradle-launcher-7.2.jar
Launcher Type: SUN_STANDARD

[Global flags]
     intx CICompilerCount                          = 4                                         {product} {ergonomic}
     uint ConcGCThreads                            = 2                                         {product} {ergonomic}
     uint G1ConcRefinementThreads                  = 8                                         {product} {ergonomic}
   size_t G1HeapRegionSize                         = 1048576                                   {product} {ergonomic}
    uintx GCDrainStackTargetSize                   = 64                                        {product} {ergonomic}
   size_t InitialHeapSize                          = 266338304                                 {product} {ergonomic}
   size_t MarkStackSize                            = 4194304                                   {product} {ergonomic}
   size_t MaxHeapSize                              = 4831838208                                {product} {command line}
   size_t MaxNewSize                               = 2898264064                                {product} {ergonomic}
   size_t MinHeapDeltaBytes                        = 1048576                                   {product} {ergonomic}
    uintx NonNMethodCodeHeapSize                   = 5836300                                {pd product} {ergonomic}
    uintx NonProfiledCodeHeapSize                  = 122910970                              {pd product} {ergonomic}
    uintx ProfiledCodeHeapSize                     = 122910970                              {pd product} {ergonomic}
    uintx ReservedCodeCacheSize                    = 251658240                              {pd product} {ergonomic}
     bool SegmentedCodeCache                       = true                                      {product} {ergonomic}
     bool UseCompressedClassPointers               = true                                 {lp64_product} {ergonomic}
     bool UseCompressedOops                        = true                                 {lp64_product} {ergonomic}
     bool UseG1GC                                  = true                                      {product} {ergonomic}
     bool UseLargePagesIndividualAllocation        = false                                  {pd product} {ergonomic}

Logging:
Log output configuration:
 #0: stdout all=warning uptime,level,tags
 #1: stderr all=off uptime,level,tags

Environment Variables:
JAVA_HOME=C:\Program Files\Microsoft\jdk-11.0.20.8-hotspot\
CLASSPATH=D:\ReactNative\sortapp\android\\gradle\wrapper\gradle-wrapper.jar
PATH=D:\ReactNative\sortapp\android\node_modules\.bin;D:\ReactNative\sortapp\node_modules\.bin;D:\ReactNative\node_modules\.bin;D:\node_modules\.bin;D:\Programs\nodejs;D:\ReactNative\sortapp\node_modules\.bin;D:\ReactNative\node_modules\.bin;D:\node_modules\.bin;D:\Programs\nvm\v16.14.0\node_modules\npm\node_modules\@npmcli\run-script\lib\node-gyp-bin;C:\Program Files\Microsoft\jdk-11.0.20.8-hotspot\bin;C:\Windows\system32;C:\Windows;C:\Windows\System32\Wbem;C:\Windows\System32\WindowsPowerShell\v1.0\;C:\Windows\System32\OpenSSH\;C:\Program Files\Intel\WiFi\bin\;C:\Program Files\Common Files\Intel\WirelessCommon\;D:\Programs\nvm;D:\Programs\nodejs;C:\Program Files\Git\cmd;C:\ProgramData\chocolatey\bin;C:\Program Files\nodejs\;C:\Users\Lenovo\AppData\Local\Microsoft\WindowsApps;D:\Programs\nvm;D:\Programs\nodejs;C:\Users\Lenovo\AppData\Local\Programs\Microsoft VS Code\bin;D:\Programs\FlutterSDK\flutter\bin;C:\Users\Lenovo\AppData\Local\GitHubDesktop\bin;C:\Users\Lenovo\AppData\Roaming\npm;C:\Users\Lenovo\AppData\Local\Android\Sdk\platform-tools;C:\Program Files\OpenSSL-Win64\bin;;D:\ReactNative\sortapp\node_modules\.bin
USERNAME=Lenovo
LANG=en_US.UTF-8
OS=Windows_NT
PROCESSOR_IDENTIFIER=Intel64 Family 6 Model 142 Stepping 10, GenuineIntel
TMP=C:\Users\Lenovo\AppData\Local\Temp
TEMP=C:\Users\Lenovo\AppData\Local\Temp



---------------  S Y S T E M  ---------------

OS: Windows 11 , 64 bit Build 22621 (10.0.22621.2070)
OS uptime: 0 days 22:17 hours

CPU:total 8 (initial active 8) (4 cores per cpu, 2 threads per core) family 6 model 142 stepping 10 microcode 0xf0, cmov, cx8, fxsr, mmx, sse, sse2, sse3, ssse3, sse4.1, sse4.2, popcnt, avx, avx2, aes, clmul, erms, rtm, 3dnowpref, lzcnt, ht, tsc, tscinvbit, bmi1, bmi2, adx, fma

Memory: 4k page, system-wide physical 16222M (589M free)
TotalPageFile size 35422M (AvailPageFile size 5M)
current process WorkingSet (physical memory assigned to process): 436M, peak: 439M
current process commit charge ("private bytes"): 529M, peak: 541M

vm_info: OpenJDK 64-Bit Server VM (11.0.20+8-LTS) for windows-amd64 JRE (11.0.20+8-LTS), built on Jul  7 2023 17:05:21 by "MicrosoftCorporation" with MS VC++ 15.9 (VS2017)

END.
